<?xml version="1.0" encoding="UTF-8"?>
<!-- Generated by org.testng.reporters.JUnitReportReporter -->
<testsuite hostname="Kasun" name="io.swagger.codegen.cmd.utils.OptionUtilsTest" tests="2" failures="0" timestamp="23 Dec 2016 08:11:13 GMT" time="0.021" errors="0">
  <testcase name="splitCommaSeparatedList" time="0.014" classname="io.swagger.codegen.cmd.utils.OptionUtilsTest"/>
  <testcase name="testParseCommaSeparatedTuples" time="0.007" classname="io.swagger.codegen.cmd.utils.OptionUtilsTest"/>
</testsuite> <!-- io.swagger.codegen.cmd.utils.OptionUtilsTest -->
