<?xml version="1.0" encoding="UTF-8"?>
<!-- Generated by org.testng.reporters.JUnitReportReporter -->
<testsuite hostname="Kasun" name="io.swagger.codegen.cmd.utils.OptionUtilsTest" tests="2" failures="0" timestamp="28 Dec 2016 11:50:39 GMT" time="0.023" errors="0">
  <testcase name="testParseCommaSeparatedTuples" time="0.022" classname="io.swagger.codegen.cmd.utils.OptionUtilsTest"/>
  <testcase name="splitCommaSeparatedList" time="0.001" classname="io.swagger.codegen.cmd.utils.OptionUtilsTest"/>
</testsuite> <!-- io.swagger.codegen.cmd.utils.OptionUtilsTest -->
