<?xml version="1.0" encoding="UTF-8"?>
<!-- Generated by org.testng.reporters.JUnitReportReporter -->
<testsuite hostname="Kasun" name="io.swagger.generator.online.OnlineJavaClientOptionsTest" tests="1" failures="0" timestamp="23 Dec 2016 08:12:19 GMT" time="0.119" errors="0">
  <testcase name="getOptionsTest" time="0.119" classname="io.swagger.generator.online.OnlineJavaClientOptionsTest"/>
</testsuite> <!-- io.swagger.generator.online.OnlineJavaClientOptionsTest -->
