<?xml version="1.0" encoding="UTF-8"?>
<!-- Generated by org.testng.reporters.JUnitReportReporter -->
<testsuite hostname="Kasun" name="io.swagger.codegen.objc.ObjcClientOptionsTest" tests="2" failures="0" timestamp="28 Dec 2016 11:50:25 GMT" time="0.235" errors="0">
  <testcase name="checkOptionsHelp" time="0.016" classname="io.swagger.codegen.objc.ObjcClientOptionsTest"/>
  <testcase name="checkOptionsProcessing" time="0.219" classname="io.swagger.codegen.objc.ObjcClientOptionsTest"/>
</testsuite> <!-- io.swagger.codegen.objc.ObjcClientOptionsTest -->
