<?xml version="1.0" encoding="UTF-8"?>
<!-- Generated by org.testng.reporters.JUnitReportReporter -->
<testsuite hostname="Kasun" name="io.swagger.codegen.asyncscala.AsyncScalaClientOptionsTest" tests="2" failures="0" timestamp="28 Dec 2016 11:50:25 GMT" time="0.156" errors="0">
  <testcase name="checkOptionsProcessing" time="0.147" classname="io.swagger.codegen.asyncscala.AsyncScalaClientOptionsTest"/>
  <testcase name="checkOptionsHelp" time="0.009" classname="io.swagger.codegen.asyncscala.AsyncScalaClientOptionsTest"/>
</testsuite> <!-- io.swagger.codegen.asyncscala.AsyncScalaClientOptionsTest -->
