<?xml version="1.0" encoding="UTF-8"?>
<!-- Generated by org.testng.reporters.JUnitReportReporter -->
<testsuite hostname="Kasun" name="io.swagger.codegen.java.JavaClientOptionsTest" tests="2" failures="0" timestamp="28 Dec 2016 11:50:25 GMT" time="0.122" errors="0">
  <testcase name="checkOptionsHelp" time="0.005" classname="io.swagger.codegen.java.JavaClientOptionsTest"/>
  <testcase name="checkOptionsProcessing" time="0.117" classname="io.swagger.codegen.java.JavaClientOptionsTest"/>
</testsuite> <!-- io.swagger.codegen.java.JavaClientOptionsTest -->
