<?xml version="1.0" encoding="UTF-8"?>
<!-- Generated by org.testng.reporters.JUnitReportReporter -->
<testsuite hostname="Kasun" name="io.swagger.codegen.languages.BooleanOptionsTest" tests="54" failures="0" timestamp="28 Dec 2016 11:50:25 GMT" time="0.005" errors="0">
  <testcase name="booleanOptionsTest" time="0.000" classname="io.swagger.codegen.languages.BooleanOptionsTest"/>
  <testcase name="booleanOptionsTest" time="0.000" classname="io.swagger.codegen.languages.BooleanOptionsTest"/>
  <testcase name="booleanOptionsTest" time="0.000" classname="io.swagger.codegen.languages.BooleanOptionsTest"/>
  <testcase name="booleanOptionsTest" time="0.000" classname="io.swagger.codegen.languages.BooleanOptionsTest"/>
  <testcase name="booleanOptionsTest" time="0.000" classname="io.swagger.codegen.languages.BooleanOptionsTest"/>
  <testcase name="booleanOptionsTest" time="0.000" classname="io.swagger.codegen.languages.BooleanOptionsTest"/>
  <testcase name="booleanOptionsTest" time="0.000" classname="io.swagger.codegen.languages.BooleanOptionsTest"/>
  <testcase name="booleanOptionsTest" time="0.000" classname="io.swagger.codegen.languages.BooleanOptionsTest"/>
  <testcase name="booleanOptionsTest" time="0.000" classname="io.swagger.codegen.languages.BooleanOptionsTest"/>
  <testcase name="booleanOptionsTest" time="0.001" classname="io.swagger.codegen.languages.BooleanOptionsTest"/>
  <testcase name="booleanOptionsTest" time="0.000" classname="io.swagger.codegen.languages.BooleanOptionsTest"/>
  <testcase name="booleanOptionsTest" time="0.000" classname="io.swagger.codegen.languages.BooleanOptionsTest"/>
  <testcase name="booleanOptionsTest" time="0.000" classname="io.swagger.codegen.languages.BooleanOptionsTest"/>
  <testcase name="booleanOptionsTest" time="0.000" classname="io.swagger.codegen.languages.BooleanOptionsTest"/>
  <testcase name="booleanOptionsTest" time="0.000" classname="io.swagger.codegen.languages.BooleanOptionsTest"/>
  <testcase name="booleanOptionsTest" time="0.000" classname="io.swagger.codegen.languages.BooleanOptionsTest"/>
  <testcase name="booleanOptionsTest" time="0.000" classname="io.swagger.codegen.languages.BooleanOptionsTest"/>
  <testcase name="booleanOptionsTest" time="0.001" classname="io.swagger.codegen.languages.BooleanOptionsTest"/>
  <testcase name="booleanOptionsTest" time="0.001" classname="io.swagger.codegen.languages.BooleanOptionsTest"/>
  <testcase name="booleanOptionsTest" time="0.000" classname="io.swagger.codegen.languages.BooleanOptionsTest"/>
  <testcase name="booleanOptionsTest" time="0.000" classname="io.swagger.codegen.languages.BooleanOptionsTest"/>
  <testcase name="booleanOptionsTest" time="0.000" classname="io.swagger.codegen.languages.BooleanOptionsTest"/>
  <testcase name="booleanOptionsTest" time="0.000" classname="io.swagger.codegen.languages.BooleanOptionsTest"/>
  <testcase name="booleanOptionsTest" time="0.000" classname="io.swagger.codegen.languages.BooleanOptionsTest"/>
  <testcase name="booleanOptionsTest" time="0.000" classname="io.swagger.codegen.languages.BooleanOptionsTest"/>
  <testcase name="booleanOptionsTest" time="0.000" classname="io.swagger.codegen.languages.BooleanOptionsTest"/>
  <testcase name="booleanOptionsTest" time="0.000" classname="io.swagger.codegen.languages.BooleanOptionsTest"/>
  <testcase name="booleanOptionsTest" time="0.000" classname="io.swagger.codegen.languages.BooleanOptionsTest"/>
  <testcase name="booleanOptionsTest" time="0.000" classname="io.swagger.codegen.languages.BooleanOptionsTest"/>
  <testcase name="booleanOptionsTest" time="0.000" classname="io.swagger.codegen.languages.BooleanOptionsTest"/>
  <testcase name="booleanOptionsTest" time="0.000" classname="io.swagger.codegen.languages.BooleanOptionsTest"/>
  <testcase name="booleanOptionsTest" time="0.000" classname="io.swagger.codegen.languages.BooleanOptionsTest"/>
  <testcase name="booleanOptionsTest" time="0.000" classname="io.swagger.codegen.languages.BooleanOptionsTest"/>
  <testcase name="booleanOptionsTest" time="0.000" classname="io.swagger.codegen.languages.BooleanOptionsTest"/>
  <testcase name="booleanOptionsTest" time="0.001" classname="io.swagger.codegen.languages.BooleanOptionsTest"/>
  <testcase name="booleanOptionsTest" time="0.000" classname="io.swagger.codegen.languages.BooleanOptionsTest"/>
  <testcase name="booleanOptionsTest" time="0.000" classname="io.swagger.codegen.languages.BooleanOptionsTest"/>
  <testcase name="booleanOptionsTest" time="0.000" classname="io.swagger.codegen.languages.BooleanOptionsTest"/>
  <testcase name="booleanOptionsTest" time="0.000" classname="io.swagger.codegen.languages.BooleanOptionsTest"/>
  <testcase name="booleanOptionsTest" time="0.000" classname="io.swagger.codegen.languages.BooleanOptionsTest"/>
  <testcase name="booleanOptionsTest" time="0.000" classname="io.swagger.codegen.languages.BooleanOptionsTest"/>
  <testcase name="booleanOptionsTest" time="0.000" classname="io.swagger.codegen.languages.BooleanOptionsTest"/>
  <testcase name="booleanOptionsTest" time="0.000" classname="io.swagger.codegen.languages.BooleanOptionsTest"/>
  <testcase name="booleanOptionsTest" time="0.000" classname="io.swagger.codegen.languages.BooleanOptionsTest"/>
  <testcase name="booleanOptionsTest" time="0.000" classname="io.swagger.codegen.languages.BooleanOptionsTest"/>
  <testcase name="booleanOptionsTest" time="0.000" classname="io.swagger.codegen.languages.BooleanOptionsTest"/>
  <testcase name="booleanOptionsTest" time="0.000" classname="io.swagger.codegen.languages.BooleanOptionsTest"/>
  <testcase name="booleanOptionsTest" time="0.000" classname="io.swagger.codegen.languages.BooleanOptionsTest"/>
  <testcase name="booleanOptionsTest" time="0.000" classname="io.swagger.codegen.languages.BooleanOptionsTest"/>
  <testcase name="booleanOptionsTest" time="0.000" classname="io.swagger.codegen.languages.BooleanOptionsTest"/>
  <testcase name="booleanOptionsTest" time="0.000" classname="io.swagger.codegen.languages.BooleanOptionsTest"/>
  <testcase name="booleanOptionsTest" time="0.000" classname="io.swagger.codegen.languages.BooleanOptionsTest"/>
  <testcase name="booleanOptionsTest" time="0.001" classname="io.swagger.codegen.languages.BooleanOptionsTest"/>
  <testcase name="booleanOptionsTest" time="0.000" classname="io.swagger.codegen.languages.BooleanOptionsTest"/>
</testsuite> <!-- io.swagger.codegen.languages.BooleanOptionsTest -->
