<?xml version="1.0" encoding="UTF-8"?>
<!-- Generated by org.testng.reporters.JUnitReportReporter -->
<testsuite hostname="Kasun" name="io.swagger.codegen.haskellservant.HaskellServantOptionsTest" tests="2" failures="0" timestamp="28 Dec 2016 11:50:24 GMT" time="0.315" errors="0">
  <testcase name="checkOptionsHelp" time="0.065" classname="io.swagger.codegen.haskellservant.HaskellServantOptionsTest"/>
  <testcase name="checkOptionsProcessing" time="0.250" classname="io.swagger.codegen.haskellservant.HaskellServantOptionsTest"/>
</testsuite> <!-- io.swagger.codegen.haskellservant.HaskellServantOptionsTest -->
