<?xml version="1.0" encoding="UTF-8"?>
<!-- Generated by org.testng.reporters.JUnitReportReporter -->
<testsuite hostname="Kasun" name="io.swagger.codegen.csharp.CSharpClientOptionsTest" tests="2" failures="0" timestamp="28 Dec 2016 11:50:25 GMT" time="0.456" errors="0">
  <testcase name="checkOptionsHelp" time="0.250" classname="io.swagger.codegen.csharp.CSharpClientOptionsTest"/>
  <testcase name="checkOptionsProcessing" time="0.206" classname="io.swagger.codegen.csharp.CSharpClientOptionsTest"/>
</testsuite> <!-- io.swagger.codegen.csharp.CSharpClientOptionsTest -->
