<?xml version="1.0" encoding="UTF-8"?>
<!-- Generated by org.testng.reporters.JUnitReportReporter -->
<testsuite hostname="Kasun" name="io.swagger.codegen.nodejs.NodeJSServerOptionsTest" tests="2" failures="0" timestamp="23 Dec 2016 08:10:53 GMT" time="0.203" errors="0">
  <testcase name="checkOptionsHelp" time="0.010" classname="io.swagger.codegen.nodejs.NodeJSServerOptionsTest"/>
  <testcase name="checkOptionsProcessing" time="0.193" classname="io.swagger.codegen.nodejs.NodeJSServerOptionsTest"/>
</testsuite> <!-- io.swagger.codegen.nodejs.NodeJSServerOptionsTest -->
