<?xml version="1.0" encoding="UTF-8"?>
<!-- Generated by org.testng.reporters.JUnitReportReporter -->
<testsuite hostname="Kasun" name="io.swagger.codegen.objc.ObjcModelTest" tests="14" failures="0" timestamp="23 Dec 2016 08:10:53 GMT" time="0.286" errors="0">
  <testcase name="listPropertyTest" time="0.003" classname="io.swagger.codegen.objc.ObjcModelTest"/>
  <testcase name="mapModelTest" time="0.002" classname="io.swagger.codegen.objc.ObjcModelTest"/>
  <testcase name="complexListPropertyTest" time="0.003" classname="io.swagger.codegen.objc.ObjcModelTest"/>
  <testcase name="advancedMapPropertyTest" time="0.010" classname="io.swagger.codegen.objc.ObjcModelTest"/>
  <testcase name="isArrayModelModelTest" time="0.103" classname="io.swagger.codegen.objc.ObjcModelTest"/>
  <testcase name="complexPropertyTest" time="0.002" classname="io.swagger.codegen.objc.ObjcModelTest"/>
  <testcase name="mapPropertyTest" time="0.002" classname="io.swagger.codegen.objc.ObjcModelTest"/>
  <testcase name="simpleModelTest" time="0.002" classname="io.swagger.codegen.objc.ObjcModelTest"/>
  <testcase name="arrayModelTest" time="0.004" classname="io.swagger.codegen.objc.ObjcModelTest"/>
  <testcase name="udidAndPasswordDataModelTest" time="0.058" classname="io.swagger.codegen.objc.ObjcModelTest"/>
  <testcase name="binaryDataModelTest" time="0.017" classname="io.swagger.codegen.objc.ObjcModelTest"/>
  <testcase name="complexMapPropertyTest" time="0.002" classname="io.swagger.codegen.objc.ObjcModelTest"/>
  <testcase name="issue316Test" time="0.009" classname="io.swagger.codegen.objc.ObjcModelTest"/>
  <testcase name="mixedPropertiesDataModelTest" time="0.069" classname="io.swagger.codegen.objc.ObjcModelTest"/>
</testsuite> <!-- io.swagger.codegen.objc.ObjcModelTest -->
