<?xml version="1.0" encoding="UTF-8"?>
<!-- Generated by org.testng.reporters.JUnitReportReporter -->
<testsuite hostname="Kasun" name="io.swagger.codegen.typescript.typescriptangular2.TypeScriptAngular2ModelTest" tests="6" failures="0" timestamp="23 Dec 2016 08:10:53 GMT" time="0.022" errors="0">
  <testcase name="listPropertyTest" time="0.004" classname="io.swagger.codegen.typescript.typescriptangular2.TypeScriptAngular2ModelTest"/>
  <testcase name="complexPropertyTest" time="0.001" classname="io.swagger.codegen.typescript.typescriptangular2.TypeScriptAngular2ModelTest"/>
  <testcase name="mapModelTest" time="0.001" classname="io.swagger.codegen.typescript.typescriptangular2.TypeScriptAngular2ModelTest"/>
  <testcase name="complexListPropertyTest" time="0.005" classname="io.swagger.codegen.typescript.typescriptangular2.TypeScriptAngular2ModelTest"/>
  <testcase name="simpleModelTest" time="0.003" classname="io.swagger.codegen.typescript.typescriptangular2.TypeScriptAngular2ModelTest"/>
  <testcase name="arrayModelTest" time="0.008" classname="io.swagger.codegen.typescript.typescriptangular2.TypeScriptAngular2ModelTest"/>
</testsuite> <!-- io.swagger.codegen.typescript.typescriptangular2.TypeScriptAngular2ModelTest -->
