<?xml version="1.0" encoding="UTF-8"?>
<!-- Generated by org.testng.reporters.JUnitReportReporter -->
<testsuite hostname="Kasun" name="io.swagger.codegen.asyncscala.AsyncScalaClientOptionsTest" tests="2" failures="0" timestamp="23 Dec 2016 08:10:53 GMT" time="0.139" errors="0">
  <testcase name="checkOptionsHelp" time="0.052" classname="io.swagger.codegen.asyncscala.AsyncScalaClientOptionsTest"/>
  <testcase name="checkOptionsProcessing" time="0.087" classname="io.swagger.codegen.asyncscala.AsyncScalaClientOptionsTest"/>
</testsuite> <!-- io.swagger.codegen.asyncscala.AsyncScalaClientOptionsTest -->
