<?xml version="1.0" encoding="UTF-8"?>
<!-- Generated by org.testng.reporters.JUnitReportReporter -->
<testsuite hostname="Kasun" name="io.swagger.codegen.nodejs.NodeJSServerOptionsTest" tests="2" failures="0" timestamp="28 Dec 2016 11:50:25 GMT" time="0.106" errors="0">
  <testcase name="checkOptionsProcessing" time="0.101" classname="io.swagger.codegen.nodejs.NodeJSServerOptionsTest"/>
  <testcase name="checkOptionsHelp" time="0.005" classname="io.swagger.codegen.nodejs.NodeJSServerOptionsTest"/>
</testsuite> <!-- io.swagger.codegen.nodejs.NodeJSServerOptionsTest -->
