<?xml version="1.0" encoding="UTF-8"?>
<!-- Generated by org.testng.reporters.JUnitReportReporter -->
<testsuite hostname="Kasun" name="io.swagger.codegen.statichtml.StaticHtmlOptionsTest" tests="2" failures="0" timestamp="28 Dec 2016 11:50:25 GMT" time="0.189" errors="0">
  <testcase name="checkOptionsProcessing" time="0.181" classname="io.swagger.codegen.statichtml.StaticHtmlOptionsTest"/>
  <testcase name="checkOptionsHelp" time="0.008" classname="io.swagger.codegen.statichtml.StaticHtmlOptionsTest"/>
</testsuite> <!-- io.swagger.codegen.statichtml.StaticHtmlOptionsTest -->
