<?xml version="1.0" encoding="UTF-8"?>
<!-- Generated by org.testng.reporters.JUnitReportReporter -->
<testsuite hostname="Kasun" name="io.swagger.codegen.swagger.SwaggerOptionsTest" tests="2" failures="0" timestamp="28 Dec 2016 11:50:25 GMT" time="0.229" errors="0">
  <testcase name="checkOptionsProcessing" time="0.219" classname="io.swagger.codegen.swagger.SwaggerOptionsTest"/>
  <testcase name="checkOptionsHelp" time="0.010" classname="io.swagger.codegen.swagger.SwaggerOptionsTest"/>
</testsuite> <!-- io.swagger.codegen.swagger.SwaggerOptionsTest -->
