<?xml version="1.0" encoding="UTF-8"?>
<!-- Generated by org.testng.reporters.JUnitReportReporter -->
<testsuite hostname="Kasun" name="io.swagger.codegen.aspnet5.AspNet5ServerOptionsTest" tests="2" failures="0" timestamp="28 Dec 2016 11:50:25 GMT" time="0.212" errors="0">
  <testcase name="checkOptionsHelp" time="0.010" classname="io.swagger.codegen.aspnet5.AspNet5ServerOptionsTest"/>
  <testcase name="checkOptionsProcessing" time="0.202" classname="io.swagger.codegen.aspnet5.AspNet5ServerOptionsTest"/>
</testsuite> <!-- io.swagger.codegen.aspnet5.AspNet5ServerOptionsTest -->
