<?xml version="1.0" encoding="UTF-8"?>
<!-- Generated by org.testng.reporters.JUnitReportReporter -->
<testsuite hostname="Kasun" name="io.swagger.codegen.typescript.fetch.TypeScriptFetchClientOptionsTest" tests="2" failures="0" timestamp="28 Dec 2016 11:50:25 GMT" time="0.242" errors="0">
  <testcase name="checkOptionsProcessing" time="0.233" classname="io.swagger.codegen.typescript.fetch.TypeScriptFetchClientOptionsTest"/>
  <testcase name="checkOptionsHelp" time="0.009" classname="io.swagger.codegen.typescript.fetch.TypeScriptFetchClientOptionsTest"/>
</testsuite> <!-- io.swagger.codegen.typescript.fetch.TypeScriptFetchClientOptionsTest -->
