<?xml version="1.0" encoding="UTF-8"?>
<!-- Generated by org.testng.reporters.JUnitReportReporter -->
<testsuite hostname="Kasun" name="io.swagger.codegen.ignore.CodegenIgnoreProcessorTest" tests="25" failures="0" timestamp="28 Dec 2016 11:50:25 GMT" time="1.261" errors="0">
  <testcase name="evaluate" time="0.020" classname="io.swagger.codegen.ignore.CodegenIgnoreProcessorTest"/>
  <testcase name="evaluate" time="0.129" classname="io.swagger.codegen.ignore.CodegenIgnoreProcessorTest"/>
  <testcase name="evaluate" time="0.007" classname="io.swagger.codegen.ignore.CodegenIgnoreProcessorTest"/>
  <testcase name="evaluate" time="0.014" classname="io.swagger.codegen.ignore.CodegenIgnoreProcessorTest"/>
  <testcase name="evaluate" time="0.016" classname="io.swagger.codegen.ignore.CodegenIgnoreProcessorTest"/>
  <testcase name="evaluate" time="0.155" classname="io.swagger.codegen.ignore.CodegenIgnoreProcessorTest"/>
  <testcase name="evaluate" time="0.050" classname="io.swagger.codegen.ignore.CodegenIgnoreProcessorTest"/>
  <testcase name="evaluate" time="0.230" classname="io.swagger.codegen.ignore.CodegenIgnoreProcessorTest"/>
  <testcase name="evaluate" time="0.005" classname="io.swagger.codegen.ignore.CodegenIgnoreProcessorTest"/>
  <testcase name="evaluate" time="0.286" classname="io.swagger.codegen.ignore.CodegenIgnoreProcessorTest"/>
  <testcase name="evaluate" time="0.106" classname="io.swagger.codegen.ignore.CodegenIgnoreProcessorTest"/>
  <testcase name="evaluate" time="0.014" classname="io.swagger.codegen.ignore.CodegenIgnoreProcessorTest"/>
  <testcase name="evaluate" time="0.010" classname="io.swagger.codegen.ignore.CodegenIgnoreProcessorTest"/>
  <testcase name="evaluate" time="0.006" classname="io.swagger.codegen.ignore.CodegenIgnoreProcessorTest"/>
  <testcase name="evaluate" time="0.007" classname="io.swagger.codegen.ignore.CodegenIgnoreProcessorTest"/>
  <testcase name="evaluate" time="0.046" classname="io.swagger.codegen.ignore.CodegenIgnoreProcessorTest"/>
  <testcase name="evaluate" time="0.008" classname="io.swagger.codegen.ignore.CodegenIgnoreProcessorTest"/>
  <testcase name="evaluate" time="0.006" classname="io.swagger.codegen.ignore.CodegenIgnoreProcessorTest"/>
  <testcase name="evaluate" time="0.020" classname="io.swagger.codegen.ignore.CodegenIgnoreProcessorTest"/>
  <testcase name="evaluate" time="0.012" classname="io.swagger.codegen.ignore.CodegenIgnoreProcessorTest"/>
  <testcase name="evaluate" time="0.016" classname="io.swagger.codegen.ignore.CodegenIgnoreProcessorTest"/>
  <testcase name="evaluate" time="0.010" classname="io.swagger.codegen.ignore.CodegenIgnoreProcessorTest"/>
  <testcase name="evaluate" time="0.011" classname="io.swagger.codegen.ignore.CodegenIgnoreProcessorTest"/>
  <testcase name="evaluate" time="0.019" classname="io.swagger.codegen.ignore.CodegenIgnoreProcessorTest"/>
  <testcase name="evaluate" time="0.058" classname="io.swagger.codegen.ignore.CodegenIgnoreProcessorTest"/>
</testsuite> <!-- io.swagger.codegen.ignore.CodegenIgnoreProcessorTest -->
