<?xml version="1.0" encoding="UTF-8"?>
<!-- Generated by org.testng.reporters.JUnitReportReporter -->
<testsuite hostname="Kasun" name="io.swagger.codegen.typescript.typescriptangular2.TypeScriptAngular2ModelTest" tests="6" failures="0" timestamp="28 Dec 2016 11:50:24 GMT" time="0.045" errors="0">
  <testcase name="arrayModelTest" time="0.025" classname="io.swagger.codegen.typescript.typescriptangular2.TypeScriptAngular2ModelTest"/>
  <testcase name="complexListPropertyTest" time="0.005" classname="io.swagger.codegen.typescript.typescriptangular2.TypeScriptAngular2ModelTest"/>
  <testcase name="complexPropertyTest" time="0.004" classname="io.swagger.codegen.typescript.typescriptangular2.TypeScriptAngular2ModelTest"/>
  <testcase name="simpleModelTest" time="0.004" classname="io.swagger.codegen.typescript.typescriptangular2.TypeScriptAngular2ModelTest"/>
  <testcase name="mapModelTest" time="0.002" classname="io.swagger.codegen.typescript.typescriptangular2.TypeScriptAngular2ModelTest"/>
  <testcase name="listPropertyTest" time="0.005" classname="io.swagger.codegen.typescript.typescriptangular2.TypeScriptAngular2ModelTest"/>
</testsuite> <!-- io.swagger.codegen.typescript.typescriptangular2.TypeScriptAngular2ModelTest -->
