<?xml version="1.0" encoding="UTF-8"?>
<!-- Generated by org.testng.reporters.JUnitReportReporter -->
<testsuite hostname="Kasun" name="io.swagger.codegen.typescript.typescriptnode.TypeScriptNodeClientOptionsTest" tests="2" failures="0" timestamp="28 Dec 2016 11:50:25 GMT" time="0.159" errors="0">
  <testcase name="checkOptionsProcessing" time="0.153" classname="io.swagger.codegen.typescript.typescriptnode.TypeScriptNodeClientOptionsTest"/>
  <testcase name="checkOptionsHelp" time="0.006" classname="io.swagger.codegen.typescript.typescriptnode.TypeScriptNodeClientOptionsTest"/>
</testsuite> <!-- io.swagger.codegen.typescript.typescriptnode.TypeScriptNodeClientOptionsTest -->
