<?xml version="1.0" encoding="UTF-8"?>
<!-- Generated by org.testng.reporters.JUnitReportReporter -->
<testsuite hostname="Kasun" name="io.swagger.codegen.jaxrs.JaxRSServerOptionsTest" tests="2" failures="0" timestamp="23 Dec 2016 08:10:53 GMT" time="0.385" errors="0">
  <testcase name="checkOptionsHelp" time="0.012" classname="io.swagger.codegen.jaxrs.JaxRSServerOptionsTest"/>
  <testcase name="checkOptionsProcessing" time="0.373" classname="io.swagger.codegen.jaxrs.JaxRSServerOptionsTest"/>
</testsuite> <!-- io.swagger.codegen.jaxrs.JaxRSServerOptionsTest -->
