<?xml version="1.0" encoding="UTF-8"?>
<!-- Generated by org.testng.reporters.JUnitReportReporter -->
<testsuite hostname="Kasun" name="io.swagger.codegen.javascript.JavaScriptModelEnumTest" tests="4" failures="0" timestamp="23 Dec 2016 08:10:53 GMT" time="0.311" errors="0">
  <testcase name="enumArrayMdoelTest" time="0.228" classname="io.swagger.codegen.javascript.JavaScriptModelEnumTest"/>
  <testcase name="enumMdoelValueTest" time="0.078" classname="io.swagger.codegen.javascript.JavaScriptModelEnumTest"/>
  <testcase name="converterTest" time="0.002" classname="io.swagger.codegen.javascript.JavaScriptModelEnumTest"/>
  <testcase name="overrideEnumTest" time="0.003" classname="io.swagger.codegen.javascript.JavaScriptModelEnumTest"/>
</testsuite> <!-- io.swagger.codegen.javascript.JavaScriptModelEnumTest -->
