<?xml version="1.0" encoding="UTF-8"?>
<!-- Generated by org.testng.reporters.JUnitReportReporter -->
<testsuite hostname="Kasun" name="io.swagger.codegen.python.PythonTest" tests="7" failures="0" timestamp="23 Dec 2016 08:10:53 GMT" time="0.491" errors="0">
  <testcase name="listPropertyTest" time="0.003" classname="io.swagger.codegen.python.PythonTest"/>
  <testcase name="complexPropertyTest" time="0.002" classname="io.swagger.codegen.python.PythonTest"/>
  <testcase name="simpleModelTest" time="0.002" classname="io.swagger.codegen.python.PythonTest"/>
  <testcase name="complexMapPropertyTest" time="0.003" classname="io.swagger.codegen.python.PythonTest"/>
  <testcase name="modelTest" time="0.469" classname="io.swagger.codegen.python.PythonTest"/>
  <testcase name="complexListPropertyTest" time="0.010" classname="io.swagger.codegen.python.PythonTest"/>
  <testcase name="mapPropertyTest" time="0.002" classname="io.swagger.codegen.python.PythonTest"/>
</testsuite> <!-- io.swagger.codegen.python.PythonTest -->
