<?xml version="1.0" encoding="UTF-8"?>
<!-- Generated by org.testng.reporters.JUnitReportReporter -->
<testsuite hostname="Kasun" name="io.swagger.codegen.scalatra.ScalatraServerOptionsTest" tests="2" failures="0" timestamp="28 Dec 2016 11:50:25 GMT" time="0.252" errors="0">
  <testcase name="checkOptionsHelp" time="0.007" classname="io.swagger.codegen.scalatra.ScalatraServerOptionsTest"/>
  <testcase name="checkOptionsProcessing" time="0.245" classname="io.swagger.codegen.scalatra.ScalatraServerOptionsTest"/>
</testsuite> <!-- io.swagger.codegen.scalatra.ScalatraServerOptionsTest -->
