<?xml version="1.0" encoding="UTF-8"?>
<!-- Generated by org.testng.reporters.JUnitReportReporter -->
<testsuite hostname="Kasun" name="io.swagger.codegen.ignore.rules.RootedFileRuleTest" tests="13" failures="0" timestamp="28 Dec 2016 11:50:25 GMT" time="0.033" errors="0">
  <testcase name="testMatchFilenameAndExtensionWithExtensionGlob" time="0.001" classname="io.swagger.codegen.ignore.rules.RootedFileRuleTest"/>
  <testcase name="testNonMatchFilenameAndExtensionWithMultiplePeriods" time="0.000" classname="io.swagger.codegen.ignore.rules.RootedFileRuleTest"/>
  <testcase name="testMatchFilenameAndExtensionWithFilenameGlob" time="0.001" classname="io.swagger.codegen.ignore.rules.RootedFileRuleTest"/>
  <testcase name="testNonMatchFilenameWithGlob" time="0.000" classname="io.swagger.codegen.ignore.rules.RootedFileRuleTest"/>
  <testcase name="testNonMatchFilenameAndExtension" time="0.001" classname="io.swagger.codegen.ignore.rules.RootedFileRuleTest"/>
  <testcase name="testNonMatchFilenameAndExtensionWithFilenameGlob" time="0.001" classname="io.swagger.codegen.ignore.rules.RootedFileRuleTest"/>
  <testcase name="testMatchFilenameOnly" time="0.001" classname="io.swagger.codegen.ignore.rules.RootedFileRuleTest"/>
  <testcase name="testMatchFilenameAndExtension" time="0.008" classname="io.swagger.codegen.ignore.rules.RootedFileRuleTest"/>
  <testcase name="testMatchFilenameWithGlob" time="0.001" classname="io.swagger.codegen.ignore.rules.RootedFileRuleTest"/>
  <testcase name="testMatchFilenameAndExtensionWithMultiplePeriods" time="0.016" classname="io.swagger.codegen.ignore.rules.RootedFileRuleTest"/>
  <testcase name="testMatchesOnlyRooted" time="0.001" classname="io.swagger.codegen.ignore.rules.RootedFileRuleTest"/>
  <testcase name="testNonMatchFilenameOnly" time="0.001" classname="io.swagger.codegen.ignore.rules.RootedFileRuleTest"/>
  <testcase name="testMatchWithoutLeadingForwardSlash" time="0.001" classname="io.swagger.codegen.ignore.rules.RootedFileRuleTest"/>
</testsuite> <!-- io.swagger.codegen.ignore.rules.RootedFileRuleTest -->
