<?xml version="1.0" encoding="UTF-8"?>
<!-- Generated by org.testng.reporters.JUnitReportReporter -->
<testsuite hostname="Kasun" name="io.swagger.codegen.go.GoModelTest" tests="15" failures="0" timestamp="28 Dec 2016 11:50:25 GMT" time="0.090" errors="0">
  <testcase name="mapModelTest" time="0.002" classname="io.swagger.codegen.go.GoModelTest"/>
  <testcase name="modelNameTest" time="0.000" classname="io.swagger.codegen.go.GoModelTest"/>
  <testcase name="modelNameTest" time="0.000" classname="io.swagger.codegen.go.GoModelTest"/>
  <testcase name="complexPropertyTest" time="0.001" classname="io.swagger.codegen.go.GoModelTest"/>
  <testcase name="arrayModelTest" time="0.011" classname="io.swagger.codegen.go.GoModelTest"/>
  <testcase name="complexListProperty" time="0.023" classname="io.swagger.codegen.go.GoModelTest"/>
  <testcase name="modelNameTest" time="0.000" classname="io.swagger.codegen.go.GoModelTest"/>
  <testcase name="modelNameTest" time="0.000" classname="io.swagger.codegen.go.GoModelTest"/>
  <testcase name="modelNameTest" time="0.000" classname="io.swagger.codegen.go.GoModelTest"/>
  <testcase name="mapPropertyTest" time="0.019" classname="io.swagger.codegen.go.GoModelTest"/>
  <testcase name="complexMapProperty" time="0.003" classname="io.swagger.codegen.go.GoModelTest"/>
  <testcase name="modelNameTest" time="0.012" classname="io.swagger.codegen.go.GoModelTest"/>
  <testcase name="simpleModelTest" time="0.002" classname="io.swagger.codegen.go.GoModelTest"/>
  <testcase name="modelNameTest" time="0.001" classname="io.swagger.codegen.go.GoModelTest"/>
  <testcase name="listPropertyTest" time="0.016" classname="io.swagger.codegen.go.GoModelTest"/>
</testsuite> <!-- io.swagger.codegen.go.GoModelTest -->
