<?xml version="1.0" encoding="UTF-8"?>
<!-- Generated by org.testng.reporters.JUnitReportReporter -->
<testsuite hostname="Kasun" name="io.swagger.codegen.ruby.RubyClientOptionsTest" tests="2" failures="0" timestamp="23 Dec 2016 08:10:53 GMT" time="0.258" errors="0">
  <testcase name="checkOptionsProcessing" time="0.244" classname="io.swagger.codegen.ruby.RubyClientOptionsTest"/>
  <testcase name="checkOptionsHelp" time="0.014" classname="io.swagger.codegen.ruby.RubyClientOptionsTest"/>
</testsuite> <!-- io.swagger.codegen.ruby.RubyClientOptionsTest -->
