<?xml version="1.0" encoding="UTF-8"?>
<!-- Generated by org.testng.reporters.JUnitReportReporter -->
<testsuite hostname="Kasun" name="io.swagger.codegen.scala.ScalaModelTest" tests="8" failures="0" timestamp="23 Dec 2016 08:10:53 GMT" time="0.030" errors="0">
  <testcase name="listPropertyTest" time="0.005" classname="io.swagger.codegen.scala.ScalaModelTest"/>
  <testcase name="complexMapPropertyTest" time="0.003" classname="io.swagger.codegen.scala.ScalaModelTest"/>
  <testcase name="arrayModelTest" time="0.012" classname="io.swagger.codegen.scala.ScalaModelTest"/>
  <testcase name="mapPropertyTest" time="0.001" classname="io.swagger.codegen.scala.ScalaModelTest"/>
  <testcase name="mapModelTest" time="0.002" classname="io.swagger.codegen.scala.ScalaModelTest"/>
  <testcase name="simpleModelTest" time="0.001" classname="io.swagger.codegen.scala.ScalaModelTest"/>
  <testcase name="complexPropertyTest" time="0.002" classname="io.swagger.codegen.scala.ScalaModelTest"/>
  <testcase name="complexListPropertyTest" time="0.004" classname="io.swagger.codegen.scala.ScalaModelTest"/>
</testsuite> <!-- io.swagger.codegen.scala.ScalaModelTest -->
