<?xml version="1.0" encoding="UTF-8"?>
<!-- Generated by org.testng.reporters.JUnitReportReporter -->
<testsuite hostname="Kasun" name="io.swagger.codegen.php.PhpClientOptionsTest" tests="2" failures="0" timestamp="28 Dec 2016 11:50:25 GMT" time="0.251" errors="0">
  <testcase name="checkOptionsHelp" time="0.015" classname="io.swagger.codegen.php.PhpClientOptionsTest"/>
  <testcase name="checkOptionsProcessing" time="0.236" classname="io.swagger.codegen.php.PhpClientOptionsTest"/>
</testsuite> <!-- io.swagger.codegen.php.PhpClientOptionsTest -->
