<?xml version="1.0" encoding="UTF-8"?>
<!-- Generated by org.testng.reporters.JUnitReportReporter -->
<testsuite hostname="Kasun" name="io.swagger.codegen.scala.ScalaClientOptionsTest" tests="2" failures="0" timestamp="23 Dec 2016 08:10:53 GMT" time="0.259" errors="0">
  <testcase name="checkOptionsHelp" time="0.011" classname="io.swagger.codegen.scala.ScalaClientOptionsTest"/>
  <testcase name="checkOptionsProcessing" time="0.248" classname="io.swagger.codegen.scala.ScalaClientOptionsTest"/>
</testsuite> <!-- io.swagger.codegen.scala.ScalaClientOptionsTest -->
