<?xml version="1.0" encoding="UTF-8"?>
<!-- Generated by org.testng.reporters.JUnitReportReporter -->
<testsuite hostname="Kasun" name="io.swagger.codegen.typescript.fetch.TypeScriptFetchClientOptionsTest" tests="2" failures="0" timestamp="23 Dec 2016 08:10:53 GMT" time="0.251" errors="0">
  <testcase name="checkOptionsProcessing" time="0.228" classname="io.swagger.codegen.typescript.fetch.TypeScriptFetchClientOptionsTest"/>
  <testcase name="checkOptionsHelp" time="0.023" classname="io.swagger.codegen.typescript.fetch.TypeScriptFetchClientOptionsTest"/>
</testsuite> <!-- io.swagger.codegen.typescript.fetch.TypeScriptFetchClientOptionsTest -->
