<?xml version="1.0" encoding="UTF-8"?>
<!-- Generated by org.testng.reporters.JUnitReportReporter -->
<testsuite hostname="Kasun" name="io.swagger.codegen.inflector.JavaInflectorServerOptionsTest" tests="2" failures="0" timestamp="23 Dec 2016 08:10:53 GMT" time="0.353" errors="0">
  <testcase name="checkOptionsHelp" time="0.014" classname="io.swagger.codegen.inflector.JavaInflectorServerOptionsTest"/>
  <testcase name="checkOptionsProcessing" time="0.339" classname="io.swagger.codegen.inflector.JavaInflectorServerOptionsTest"/>
</testsuite> <!-- io.swagger.codegen.inflector.JavaInflectorServerOptionsTest -->
