<?xml version="1.0" encoding="UTF-8"?>
<!-- Generated by org.testng.reporters.JUnitReportReporter -->
<testsuite hostname="Kasun" name="io.swagger.codegen.jaxrs.JaxRSServerOptionsTest" tests="2" failures="0" timestamp="28 Dec 2016 11:50:25 GMT" time="0.153" errors="0">
  <testcase name="checkOptionsHelp" time="0.005" classname="io.swagger.codegen.jaxrs.JaxRSServerOptionsTest"/>
  <testcase name="checkOptionsProcessing" time="0.148" classname="io.swagger.codegen.jaxrs.JaxRSServerOptionsTest"/>
</testsuite> <!-- io.swagger.codegen.jaxrs.JaxRSServerOptionsTest -->
