<?xml version="1.0" encoding="UTF-8"?>
<!-- Generated by org.testng.reporters.JUnitReportReporter -->
<testsuite hostname="Kasun" name="io.swagger.codegen.php.PhpClientOptionsTest" tests="2" failures="0" timestamp="23 Dec 2016 08:10:53 GMT" time="0.227" errors="0">
  <testcase name="checkOptionsProcessing" time="0.213" classname="io.swagger.codegen.php.PhpClientOptionsTest"/>
  <testcase name="checkOptionsHelp" time="0.014" classname="io.swagger.codegen.php.PhpClientOptionsTest"/>
</testsuite> <!-- io.swagger.codegen.php.PhpClientOptionsTest -->
