<?xml version="1.0" encoding="UTF-8"?>
<!-- Generated by org.testng.reporters.JUnitReportReporter -->
<testsuite hostname="Kasun" name="io.swagger.codegen.slim.SlimFrameworkServerOptionsTest" tests="2" failures="0" timestamp="28 Dec 2016 11:50:25 GMT" time="0.214" errors="0">
  <testcase name="checkOptionsHelp" time="0.010" classname="io.swagger.codegen.slim.SlimFrameworkServerOptionsTest"/>
  <testcase name="checkOptionsProcessing" time="0.204" classname="io.swagger.codegen.slim.SlimFrameworkServerOptionsTest"/>
</testsuite> <!-- io.swagger.codegen.slim.SlimFrameworkServerOptionsTest -->
