<?xml version="1.0" encoding="UTF-8"?>
<!-- Generated by org.testng.reporters.JUnitReportReporter -->
<testsuite hostname="Kasun" name="io.swagger.codegen.spring.SpringOptionsTest" tests="2" failures="0" timestamp="28 Dec 2016 11:50:25 GMT" time="0.287" errors="0">
  <testcase name="checkOptionsHelp" time="0.010" classname="io.swagger.codegen.spring.SpringOptionsTest"/>
  <testcase name="checkOptionsProcessing" time="0.277" classname="io.swagger.codegen.spring.SpringOptionsTest"/>
</testsuite> <!-- io.swagger.codegen.spring.SpringOptionsTest -->
