<?xml version="1.0" encoding="UTF-8"?>
<!-- Generated by org.testng.reporters.JUnitReportReporter -->
<testsuite hostname="Kasun" name="io.swagger.codegen.csharp.CSharpModelTest" tests="11" failures="0" timestamp="23 Dec 2016 08:10:53 GMT" time="0.037" errors="0">
  <testcase name="complexListPropertyTest" time="0.002" classname="io.swagger.codegen.csharp.CSharpModelTest"/>
  <testcase name="arrayPropertyICollectionOptionTest" time="0.003" classname="io.swagger.codegen.csharp.CSharpModelTest"/>
  <testcase name="listPropertyTest" time="0.003" classname="io.swagger.codegen.csharp.CSharpModelTest"/>
  <testcase name="arrayModelTest" time="0.011" classname="io.swagger.codegen.csharp.CSharpModelTest"/>
  <testcase name="complexMapPropertyTest" time="0.002" classname="io.swagger.codegen.csharp.CSharpModelTest"/>
  <testcase name="mapModelTest" time="0.002" classname="io.swagger.codegen.csharp.CSharpModelTest"/>
  <testcase name="arrayPropertyCollectionOptionTest" time="0.004" classname="io.swagger.codegen.csharp.CSharpModelTest"/>
  <testcase name="complexPropertyTest" time="0.003" classname="io.swagger.codegen.csharp.CSharpModelTest"/>
  <testcase name="mapPropertyTest" time="0.002" classname="io.swagger.codegen.csharp.CSharpModelTest"/>
  <testcase name="arrayPropertyTest" time="0.002" classname="io.swagger.codegen.csharp.CSharpModelTest"/>
  <testcase name="simpleModelTest" time="0.003" classname="io.swagger.codegen.csharp.CSharpModelTest"/>
</testsuite> <!-- io.swagger.codegen.csharp.CSharpModelTest -->
