<?xml version="1.0" encoding="UTF-8"?>
<!-- Generated by org.testng.reporters.JUnitReportReporter -->
<testsuite hostname="Kasun" name="io.swagger.codegen.java.JavaModelEnumTest" tests="2" failures="0" timestamp="28 Dec 2016 11:50:25 GMT" time="0.005" errors="0">
  <testcase name="overrideEnumTest" time="0.003" classname="io.swagger.codegen.java.JavaModelEnumTest"/>
  <testcase name="converterTest" time="0.002" classname="io.swagger.codegen.java.JavaModelEnumTest"/>
</testsuite> <!-- io.swagger.codegen.java.JavaModelEnumTest -->
