<?xml version="1.0" encoding="UTF-8"?>
<!-- Generated by org.testng.reporters.JUnitReportReporter -->
<testsuite hostname="Kasun" name="io.swagger.codegen.swagger.SwaggerOptionsTest" tests="2" failures="0" timestamp="23 Dec 2016 08:10:53 GMT" time="0.194" errors="0">
  <testcase name="checkOptionsHelp" time="0.012" classname="io.swagger.codegen.swagger.SwaggerOptionsTest"/>
  <testcase name="checkOptionsProcessing" time="0.182" classname="io.swagger.codegen.swagger.SwaggerOptionsTest"/>
</testsuite> <!-- io.swagger.codegen.swagger.SwaggerOptionsTest -->
