<?xml version="1.0" encoding="UTF-8"?>
<!-- Generated by org.testng.reporters.JUnitReportReporter -->
<testsuite hostname="Kasun" name="io.swagger.codegen.languages.ClojureClientCodegenTest" tests="3" failures="0" timestamp="23 Dec 2016 08:10:53 GMT" time="0.002" errors="0">
  <testcase name="testToApiFilename" time="0.001" classname="io.swagger.codegen.languages.ClojureClientCodegenTest"/>
  <testcase name="testToApiName" time="0.000" classname="io.swagger.codegen.languages.ClojureClientCodegenTest"/>
  <testcase name="testSanitizeTag" time="0.001" classname="io.swagger.codegen.languages.ClojureClientCodegenTest"/>
</testsuite> <!-- io.swagger.codegen.languages.ClojureClientCodegenTest -->
