<?xml version="1.0" encoding="UTF-8"?>
<!-- Generated by org.testng.reporters.JUnitReportReporter -->
<testsuite hostname="Kasun" name="io.swagger.codegen.statichtml.StaticHtmlTagsTest" tests="1" failures="0" timestamp="28 Dec 2016 11:50:25 GMT" time="0.117" errors="0">
  <testcase name="testApiTags" time="0.117" classname="io.swagger.codegen.statichtml.StaticHtmlTagsTest"/>
</testsuite> <!-- io.swagger.codegen.statichtml.StaticHtmlTagsTest -->
