<?xml version="1.0" encoding="UTF-8"?>
<!-- Generated by org.testng.reporters.JUnitReportReporter -->
<testsuite hostname="Kasun" name="io.swagger.codegen.slim.SlimFrameworkServerOptionsTest" tests="2" failures="0" timestamp="23 Dec 2016 08:10:53 GMT" time="0.249" errors="0">
  <testcase name="checkOptionsHelp" time="0.011" classname="io.swagger.codegen.slim.SlimFrameworkServerOptionsTest"/>
  <testcase name="checkOptionsProcessing" time="0.238" classname="io.swagger.codegen.slim.SlimFrameworkServerOptionsTest"/>
</testsuite> <!-- io.swagger.codegen.slim.SlimFrameworkServerOptionsTest -->
