<?xml version="1.0" encoding="UTF-8"?>
<!-- Generated by org.testng.reporters.JUnitReportReporter -->
<testsuite hostname="Kasun" name="io.swagger.codegen.jaxrs.JaxrsJava8ModelTest" tests="1" failures="0" timestamp="23 Dec 2016 08:10:53 GMT" time="0.028" errors="0">
  <testcase name="simpleModelTest" time="0.028" classname="io.swagger.codegen.jaxrs.JaxrsJava8ModelTest"/>
</testsuite> <!-- io.swagger.codegen.jaxrs.JaxrsJava8ModelTest -->
