<?xml version="1.0" encoding="UTF-8"?>
<!-- Generated by org.testng.reporters.JUnitReportReporter -->
<testsuite hostname="Kasun" name="io.swagger.codegen.sinatra.SinatraServerOptionsTest" tests="2" failures="0" timestamp="23 Dec 2016 08:10:53 GMT" time="0.244" errors="0">
  <testcase name="checkOptionsProcessing" time="0.228" classname="io.swagger.codegen.sinatra.SinatraServerOptionsTest"/>
  <testcase name="checkOptionsHelp" time="0.016" classname="io.swagger.codegen.sinatra.SinatraServerOptionsTest"/>
</testsuite> <!-- io.swagger.codegen.sinatra.SinatraServerOptionsTest -->
