<?xml version="1.0" encoding="UTF-8"?>
<!-- Generated by org.testng.reporters.JUnitReportReporter -->
<testsuite hostname="Kasun" name="io.swagger.codegen.javascript.JavaScriptClientOptionsTest" tests="2" failures="0" timestamp="28 Dec 2016 11:50:25 GMT" time="0.101" errors="0">
  <testcase name="checkOptionsProcessing" time="0.097" classname="io.swagger.codegen.javascript.JavaScriptClientOptionsTest"/>
  <testcase name="checkOptionsHelp" time="0.004" classname="io.swagger.codegen.javascript.JavaScriptClientOptionsTest"/>
</testsuite> <!-- io.swagger.codegen.javascript.JavaScriptClientOptionsTest -->
