<?xml version="1.0" encoding="UTF-8"?>
<!-- Generated by org.testng.reporters.JUnitReportReporter -->
<testsuite hostname="Kasun" name="io.swagger.codegen.haskellservant.HaskellTest" tests="1" failures="0" timestamp="23 Dec 2016 08:10:53 GMT" time="0.002" errors="0">
  <testcase name="modelTest" time="0.002" classname="io.swagger.codegen.haskellservant.HaskellTest"/>
</testsuite> <!-- io.swagger.codegen.haskellservant.HaskellTest -->
