<?xml version="1.0" encoding="UTF-8"?>
<!-- Generated by org.testng.reporters.JUnitReportReporter -->
<testsuite hostname="Kasun" name="io.swagger.codegen.CodegenTest" tests="12" failures="0" timestamp="23 Dec 2016 08:10:53 GMT" time="1.682" errors="0">
  <testcase name="enumArrayQueryParameterTest" time="0.291" classname="io.swagger.codegen.CodegenTest"/>
  <testcase name="fileUploadParamTest" time="0.094" classname="io.swagger.codegen.CodegenTest"/>
  <testcase name="discriminatorTest" time="0.112" classname="io.swagger.codegen.CodegenTest"/>
  <testcase name="binaryDataTest" time="0.976" classname="io.swagger.codegen.CodegenTest"/>
  <testcase name="responseSelectionTest2" time="0.008" classname="io.swagger.codegen.CodegenTest"/>
  <testcase name="enumQueryParameterTest" time="0.082" classname="io.swagger.codegen.CodegenTest"/>
  <testcase name="localResetConsumesAndProducesTest" time="0.008" classname="io.swagger.codegen.CodegenTest"/>
  <testcase name="responseSelectionTest1" time="0.017" classname="io.swagger.codegen.CodegenTest"/>
  <testcase name="globalConsumesAndProducesTest" time="0.045" classname="io.swagger.codegen.CodegenTest"/>
  <testcase name="localConsumesAndProducesTest" time="0.009" classname="io.swagger.codegen.CodegenTest"/>
  <testcase name="formParamTest" time="0.030" classname="io.swagger.codegen.CodegenTest"/>
  <testcase name="requiredParametersTest" time="0.010" classname="io.swagger.codegen.CodegenTest"/>
</testsuite> <!-- io.swagger.codegen.CodegenTest -->
