<?xml version="1.0" encoding="UTF-8"?>
<!-- Generated by org.testng.reporters.JUnitReportReporter -->
<testsuite hostname="Kasun" name="io.swagger.codegen.qtfivecpp.Qt5CPPOptionsTest" tests="2" failures="0" timestamp="23 Dec 2016 08:10:53 GMT" time="0.231" errors="0">
  <testcase name="checkOptionsProcessing" time="0.223" classname="io.swagger.codegen.qtfivecpp.Qt5CPPOptionsTest"/>
  <testcase name="checkOptionsHelp" time="0.008" classname="io.swagger.codegen.qtfivecpp.Qt5CPPOptionsTest"/>
</testsuite> <!-- io.swagger.codegen.qtfivecpp.Qt5CPPOptionsTest -->
