<?xml version="1.0" encoding="UTF-8"?>
<!-- Generated by org.testng.reporters.JUnitReportReporter -->
<testsuite hostname="Kasun" name="io.swagger.codegen.typescript.typescriptangular.TypeScriptAngularModelTest" tests="6" failures="0" timestamp="23 Dec 2016 08:10:53 GMT" time="0.013" errors="0">
  <testcase name="mapModelTest" time="0.002" classname="io.swagger.codegen.typescript.typescriptangular.TypeScriptAngularModelTest"/>
  <testcase name="arrayModelTest" time="0.006" classname="io.swagger.codegen.typescript.typescriptangular.TypeScriptAngularModelTest"/>
  <testcase name="simpleModelTest" time="0.001" classname="io.swagger.codegen.typescript.typescriptangular.TypeScriptAngularModelTest"/>
  <testcase name="listPropertyTest" time="0.001" classname="io.swagger.codegen.typescript.typescriptangular.TypeScriptAngularModelTest"/>
  <testcase name="complexPropertyTest" time="0.001" classname="io.swagger.codegen.typescript.typescriptangular.TypeScriptAngularModelTest"/>
  <testcase name="complexListPropertyTest" time="0.002" classname="io.swagger.codegen.typescript.typescriptangular.TypeScriptAngularModelTest"/>
</testsuite> <!-- io.swagger.codegen.typescript.typescriptangular.TypeScriptAngularModelTest -->
