<?xml version="1.0" encoding="UTF-8"?>
<!-- Generated by org.testng.reporters.JUnitReportReporter -->
<testsuite hostname="Kasun" name="io.swagger.codegen.tizen.TizenClientOptionsTest" tests="2" failures="0" timestamp="23 Dec 2016 08:10:53 GMT" time="0.222" errors="0">
  <testcase name="checkOptionsProcessing" time="0.204" classname="io.swagger.codegen.tizen.TizenClientOptionsTest"/>
  <testcase name="checkOptionsHelp" time="0.018" classname="io.swagger.codegen.tizen.TizenClientOptionsTest"/>
</testsuite> <!-- io.swagger.codegen.tizen.TizenClientOptionsTest -->
