<?xml version="1.0" encoding="UTF-8"?>
<!-- Generated by org.testng.reporters.JUnitReportReporter -->
<testsuite hostname="Kasun" name="io.swagger.codegen.jaxrs.JaxrsJava8ModelTest" tests="1" failures="0" timestamp="28 Dec 2016 11:50:25 GMT" time="0.009" errors="0">
  <testcase name="simpleModelTest" time="0.009" classname="io.swagger.codegen.jaxrs.JaxrsJava8ModelTest"/>
</testsuite> <!-- io.swagger.codegen.jaxrs.JaxrsJava8ModelTest -->
