<?xml version="1.0" encoding="UTF-8"?>
<!-- Generated by org.testng.reporters.JUnitReportReporter -->
<testsuite hostname="Kasun" name="io.swagger.codegen.java.jaxrs.AllowableValuesTest" tests="5" failures="0" timestamp="23 Dec 2016 08:10:53 GMT" time="0.012" errors="0">
  <testcase name="annotationsTest" time="0.002" classname="io.swagger.codegen.java.jaxrs.AllowableValuesTest"/>
  <testcase name="annotationsTest" time="0.002" classname="io.swagger.codegen.java.jaxrs.AllowableValuesTest"/>
  <testcase name="annotationsTest" time="0.002" classname="io.swagger.codegen.java.jaxrs.AllowableValuesTest"/>
  <testcase name="annotationsTest" time="0.004" classname="io.swagger.codegen.java.jaxrs.AllowableValuesTest"/>
  <testcase name="annotationsTest" time="0.002" classname="io.swagger.codegen.java.jaxrs.AllowableValuesTest"/>
</testsuite> <!-- io.swagger.codegen.java.jaxrs.AllowableValuesTest -->
