<?xml version="1.0" encoding="UTF-8"?>
<!-- Generated by org.testng.reporters.JUnitReportReporter -->
<testsuite hostname="Kasun" name="io.swagger.codegen.config.CodegenConfiguratorTest" tests="18" failures="0" timestamp="28 Dec 2016 11:50:25 GMT" time="0.864" errors="0">
  <testcase name="testInvokerPackage" time="0.004" classname="io.swagger.codegen.config.CodegenConfiguratorTest"/>
  <testcase name="testArtifactId" time="0.004" classname="io.swagger.codegen.config.CodegenConfiguratorTest"/>
  <testcase name="testLibrary" time="0.003" classname="io.swagger.codegen.config.CodegenConfiguratorTest"/>
  <testcase name="testVerbose" time="0.060" classname="io.swagger.codegen.config.CodegenConfiguratorTest"/>
  <testcase name="testArtifactVersion" time="0.003" classname="io.swagger.codegen.config.CodegenConfiguratorTest"/>
  <testcase name="testAdditionalProperties" time="0.613" classname="io.swagger.codegen.config.CodegenConfiguratorTest"/>
  <testcase name="testLanguageSpecificPrimitives" time="0.003" classname="io.swagger.codegen.config.CodegenConfiguratorTest"/>
  <testcase name="testTypeMappings" time="0.007" classname="io.swagger.codegen.config.CodegenConfiguratorTest"/>
  <testcase name="testSkipOverwrite" time="0.007" classname="io.swagger.codegen.config.CodegenConfiguratorTest"/>
  <testcase name="testFromFile" time="0.034" classname="io.swagger.codegen.config.CodegenConfiguratorTest"/>
  <testcase name="testApiPackage" time="0.004" classname="io.swagger.codegen.config.CodegenConfiguratorTest"/>
  <testcase name="testModelPackage" time="0.003" classname="io.swagger.codegen.config.CodegenConfiguratorTest"/>
  <testcase name="testInstantiationTypes" time="0.005" classname="io.swagger.codegen.config.CodegenConfiguratorTest"/>
  <testcase name="testDynamicProperties" time="0.003" classname="io.swagger.codegen.config.CodegenConfiguratorTest"/>
  <testcase name="testTemplateDir" time="0.010" classname="io.swagger.codegen.config.CodegenConfiguratorTest"/>
  <testcase name="testGroupId" time="0.005" classname="io.swagger.codegen.config.CodegenConfiguratorTest"/>
  <testcase name="testSystemProperties" time="0.092" classname="io.swagger.codegen.config.CodegenConfiguratorTest"/>
  <testcase name="testImportMappings" time="0.004" classname="io.swagger.codegen.config.CodegenConfiguratorTest"/>
</testsuite> <!-- io.swagger.codegen.config.CodegenConfiguratorTest -->
