<?xml version="1.0" encoding="UTF-8"?>
<!-- Generated by org.testng.reporters.JUnitReportReporter -->
<testsuite hostname="Kasun" name="io.swagger.codegen.scalatra.ScalatraServerOptionsTest" tests="2" failures="0" timestamp="23 Dec 2016 08:10:53 GMT" time="0.286" errors="0">
  <testcase name="checkOptionsProcessing" time="0.277" classname="io.swagger.codegen.scalatra.ScalatraServerOptionsTest"/>
  <testcase name="checkOptionsHelp" time="0.009" classname="io.swagger.codegen.scalatra.ScalatraServerOptionsTest"/>
</testsuite> <!-- io.swagger.codegen.scalatra.ScalatraServerOptionsTest -->
