<?xml version="1.0" encoding="UTF-8"?>
<!-- Generated by org.testng.reporters.JUnitReportReporter -->
<testsuite hostname="Kasun" name="io.swagger.codegen.ExampleGeneratorTest" tests="1" failures="0" timestamp="28 Dec 2016 11:50:25 GMT" time="0.006" errors="0">
  <testcase name="recursiveModelsTest" time="0.006" classname="io.swagger.codegen.ExampleGeneratorTest"/>
</testsuite> <!-- io.swagger.codegen.ExampleGeneratorTest -->
