<?xml version="1.0" encoding="UTF-8"?>
<!-- Generated by org.testng.reporters.JUnitReportReporter -->
<testsuite hostname="Kasun" name="io.swagger.codegen.ClientAuthInputTest" tests="1" failures="0" timestamp="23 Dec 2016 08:10:53 GMT" time="0.011" errors="0">
  <testcase name="clientAuthInputTest" time="0.011" classname="io.swagger.codegen.ClientAuthInputTest"/>
</testsuite> <!-- io.swagger.codegen.ClientAuthInputTest -->
