<?xml version="1.0" encoding="UTF-8"?>
<!-- Generated by org.testng.reporters.JUnitReportReporter -->
<testsuite hostname="Kasun" name="io.swagger.codegen.java.JavaInheritanceTest" tests="2" failures="0" timestamp="23 Dec 2016 08:10:53 GMT" time="0.017" errors="0">
  <testcase name="javaInheritanceWithDiscriminatorTest" time="0.002" classname="io.swagger.codegen.java.JavaInheritanceTest"/>
  <testcase name="javaInheritanceTest" time="0.015" classname="io.swagger.codegen.java.JavaInheritanceTest"/>
</testsuite> <!-- io.swagger.codegen.java.JavaInheritanceTest -->
