<?xml version="1.0" encoding="UTF-8"?>
<!-- Generated by org.testng.reporters.JUnitReportReporter -->
<testsuite hostname="Kasun" name="io.swagger.codegen.java.JavaClientOptionsTest" tests="2" failures="0" timestamp="23 Dec 2016 08:10:53 GMT" time="0.315" errors="0">
  <testcase name="checkOptionsHelp" time="0.041" classname="io.swagger.codegen.java.JavaClientOptionsTest"/>
  <testcase name="checkOptionsProcessing" time="0.274" classname="io.swagger.codegen.java.JavaClientOptionsTest"/>
</testsuite> <!-- io.swagger.codegen.java.JavaClientOptionsTest -->
