<?xml version="1.0" encoding="UTF-8"?>
<!-- Generated by org.testng.reporters.JUnitReportReporter -->
<testsuite hostname="Kasun" name="io.swagger.codegen.ruby.RubyClientOptionsTest" tests="2" failures="0" timestamp="28 Dec 2016 11:50:25 GMT" time="0.272" errors="0">
  <testcase name="checkOptionsProcessing" time="0.259" classname="io.swagger.codegen.ruby.RubyClientOptionsTest"/>
  <testcase name="checkOptionsHelp" time="0.013" classname="io.swagger.codegen.ruby.RubyClientOptionsTest"/>
</testsuite> <!-- io.swagger.codegen.ruby.RubyClientOptionsTest -->
