<?xml version="1.0" encoding="UTF-8"?>
<!-- Generated by org.testng.reporters.JUnitReportReporter -->
<testsuite hostname="Kasun" name="io.swagger.codegen.SwaggerMigratorTest" tests="1" failures="0" timestamp="23 Dec 2016 08:10:53 GMT" time="0.117" errors="0">
  <testcase name="swaggerMigratorTest" time="0.117" classname="io.swagger.codegen.SwaggerMigratorTest"/>
</testsuite> <!-- io.swagger.codegen.SwaggerMigratorTest -->
