<?xml version="1.0" encoding="UTF-8"?>
<!-- Generated by org.testng.reporters.JUnitReportReporter -->
<testsuite hostname="Kasun" name="io.swagger.codegen.typescript.typescriptangular2.TypeScriptAngular2ClientOptionsTest" tests="2" failures="0" timestamp="23 Dec 2016 08:10:53 GMT" time="0.366" errors="0">
  <testcase name="checkOptionsHelp" time="0.049" classname="io.swagger.codegen.typescript.typescriptangular2.TypeScriptAngular2ClientOptionsTest"/>
  <testcase name="checkOptionsProcessing" time="0.317" classname="io.swagger.codegen.typescript.typescriptangular2.TypeScriptAngular2ClientOptionsTest"/>
</testsuite> <!-- io.swagger.codegen.typescript.typescriptangular2.TypeScriptAngular2ClientOptionsTest -->
