<?xml version="1.0" encoding="UTF-8"?>
<!-- Generated by org.testng.reporters.JUnitReportReporter -->
<testsuite hostname="Kasun" name="io.swagger.codegen.csharpdotnettwo.CsharpDotNet2ClientOptionsTest" tests="2" failures="0" timestamp="23 Dec 2016 08:10:53 GMT" time="0.171" errors="0">
  <testcase name="checkOptionsHelp" time="0.008" classname="io.swagger.codegen.csharpdotnettwo.CsharpDotNet2ClientOptionsTest"/>
  <testcase name="checkOptionsProcessing" time="0.163" classname="io.swagger.codegen.csharpdotnettwo.CsharpDotNet2ClientOptionsTest"/>
</testsuite> <!-- io.swagger.codegen.csharpdotnettwo.CsharpDotNet2ClientOptionsTest -->
