<?xml version="1.0" encoding="UTF-8"?>
<!-- Generated by org.testng.reporters.JUnitReportReporter -->
<testsuite hostname="Kasun" name="io.swagger.codegen.objc.ObjcModelTest" tests="14" failures="0" timestamp="28 Dec 2016 11:50:25 GMT" time="0.283" errors="0">
  <testcase name="mapModelTest" time="0.003" classname="io.swagger.codegen.objc.ObjcModelTest"/>
  <testcase name="simpleModelTest" time="0.002" classname="io.swagger.codegen.objc.ObjcModelTest"/>
  <testcase name="advancedMapPropertyTest" time="0.012" classname="io.swagger.codegen.objc.ObjcModelTest"/>
  <testcase name="mixedPropertiesDataModelTest" time="0.076" classname="io.swagger.codegen.objc.ObjcModelTest"/>
  <testcase name="isArrayModelModelTest" time="0.081" classname="io.swagger.codegen.objc.ObjcModelTest"/>
  <testcase name="arrayModelTest" time="0.004" classname="io.swagger.codegen.objc.ObjcModelTest"/>
  <testcase name="complexListPropertyTest" time="0.002" classname="io.swagger.codegen.objc.ObjcModelTest"/>
  <testcase name="issue316Test" time="0.009" classname="io.swagger.codegen.objc.ObjcModelTest"/>
  <testcase name="complexPropertyTest" time="0.001" classname="io.swagger.codegen.objc.ObjcModelTest"/>
  <testcase name="mapPropertyTest" time="0.003" classname="io.swagger.codegen.objc.ObjcModelTest"/>
  <testcase name="complexMapPropertyTest" time="0.002" classname="io.swagger.codegen.objc.ObjcModelTest"/>
  <testcase name="binaryDataModelTest" time="0.019" classname="io.swagger.codegen.objc.ObjcModelTest"/>
  <testcase name="listPropertyTest" time="0.003" classname="io.swagger.codegen.objc.ObjcModelTest"/>
  <testcase name="udidAndPasswordDataModelTest" time="0.066" classname="io.swagger.codegen.objc.ObjcModelTest"/>
</testsuite> <!-- io.swagger.codegen.objc.ObjcModelTest -->
