<?xml version="1.0" encoding="UTF-8"?>
<!-- Generated by org.testng.reporters.JUnitReportReporter -->
<testsuite hostname="Kasun" name="io.swagger.codegen.csharp.CSharpClientOptionsTest" tests="2" failures="0" timestamp="23 Dec 2016 08:10:53 GMT" time="0.472" errors="0">
  <testcase name="checkOptionsProcessing" time="0.220" classname="io.swagger.codegen.csharp.CSharpClientOptionsTest"/>
  <testcase name="checkOptionsHelp" time="0.252" classname="io.swagger.codegen.csharp.CSharpClientOptionsTest"/>
</testsuite> <!-- io.swagger.codegen.csharp.CSharpClientOptionsTest -->
