<?xml version="1.0" encoding="UTF-8"?>
<!-- Generated by org.testng.reporters.JUnitReportReporter -->
<testsuite hostname="Kasun" name="io.swagger.codegen.android.AndroidClientOptionsTest" tests="2" failures="0" timestamp="23 Dec 2016 08:10:53 GMT" time="0.126" errors="0">
  <testcase name="checkOptionsProcessing" time="0.101" classname="io.swagger.codegen.android.AndroidClientOptionsTest"/>
  <testcase name="checkOptionsHelp" time="0.025" classname="io.swagger.codegen.android.AndroidClientOptionsTest"/>
</testsuite> <!-- io.swagger.codegen.android.AndroidClientOptionsTest -->
