<?xml version="1.0" encoding="UTF-8"?>
<!-- Generated by org.testng.reporters.JUnitReportReporter -->
<testsuite hostname="Kasun" name="io.swagger.codegen.ruby.RubyClientCodegenTest" tests="1" failures="0" timestamp="23 Dec 2016 08:10:53 GMT" time="0.226" errors="0">
  <testcase name="testGenerateRubyClientWithHtmlEntity" time="0.226" classname="io.swagger.codegen.ruby.RubyClientCodegenTest"/>
</testsuite> <!-- io.swagger.codegen.ruby.RubyClientCodegenTest -->
