<?xml version="1.0" encoding="UTF-8"?>
<!-- Generated by org.testng.reporters.JUnitReportReporter -->
<testsuite hostname="Kasun" name="io.swagger.codegen.staticDocs.StaticOperationTest" tests="3" failures="0" timestamp="23 Dec 2016 08:10:53 GMT" time="0.005" errors="0">
  <testcase name="complexParameterTest" time="0.004" classname="io.swagger.codegen.staticDocs.StaticOperationTest"/>
  <testcase name="stringParameterTest" time="0.000" classname="io.swagger.codegen.staticDocs.StaticOperationTest"/>
  <testcase name="listParameterTest" time="0.001" classname="io.swagger.codegen.staticDocs.StaticOperationTest"/>
</testsuite> <!-- io.swagger.codegen.staticDocs.StaticOperationTest -->
