<?xml version="1.0" encoding="UTF-8"?>
<!-- Generated by org.testng.reporters.JUnitReportReporter -->
<testsuite hostname="Kasun" name="io.swagger.codegen.swaggeryaml.SwaggerYamlOptionsTest" tests="2" failures="0" timestamp="23 Dec 2016 08:10:53 GMT" time="0.208" errors="0">
  <testcase name="checkOptionsProcessing" time="0.198" classname="io.swagger.codegen.swaggeryaml.SwaggerYamlOptionsTest"/>
  <testcase name="checkOptionsHelp" time="0.010" classname="io.swagger.codegen.swaggeryaml.SwaggerYamlOptionsTest"/>
</testsuite> <!-- io.swagger.codegen.swaggeryaml.SwaggerYamlOptionsTest -->
