<?xml version="1.0" encoding="UTF-8"?>
<!-- Generated by org.testng.reporters.JUnitReportReporter -->
<testsuite hostname="Kasun" name="io.swagger.codegen.javascript.JavaScriptInheritanceTest" tests="2" failures="0" timestamp="23 Dec 2016 08:10:53 GMT" time="0.011" errors="0">
  <testcase name="javascriptInheritanceTest" time="0.008" classname="io.swagger.codegen.javascript.JavaScriptInheritanceTest"/>
  <testcase name="javascriptNoInheritanceTest" time="0.003" classname="io.swagger.codegen.javascript.JavaScriptInheritanceTest"/>
</testsuite> <!-- io.swagger.codegen.javascript.JavaScriptInheritanceTest -->
