<?xml version="1.0" encoding="UTF-8"?>
<!-- Generated by org.testng.reporters.JUnitReportReporter -->
<testsuite hostname="Kasun" name="io.swagger.codegen.typescript.typescriptnode.TypeScriptNodeModelTest" tests="6" failures="0" timestamp="28 Dec 2016 11:50:25 GMT" time="0.728" errors="0">
  <testcase name="simpleModelTest" time="0.009" classname="io.swagger.codegen.typescript.typescriptnode.TypeScriptNodeModelTest"/>
  <testcase name="mapModelTest" time="0.051" classname="io.swagger.codegen.typescript.typescriptnode.TypeScriptNodeModelTest"/>
  <testcase name="complexListPropertyTest" time="0.046" classname="io.swagger.codegen.typescript.typescriptnode.TypeScriptNodeModelTest"/>
  <testcase name="arrayModelTest" time="0.577" classname="io.swagger.codegen.typescript.typescriptnode.TypeScriptNodeModelTest"/>
  <testcase name="listPropertyTest" time="0.039" classname="io.swagger.codegen.typescript.typescriptnode.TypeScriptNodeModelTest"/>
  <testcase name="complexPropertyTest" time="0.006" classname="io.swagger.codegen.typescript.typescriptnode.TypeScriptNodeModelTest"/>
</testsuite> <!-- io.swagger.codegen.typescript.typescriptnode.TypeScriptNodeModelTest -->
