<?xml version="1.0" encoding="UTF-8"?>
<!-- Generated by org.testng.reporters.JUnitReportReporter -->
<testsuite hostname="Kasun" name="io.swagger.codegen.typescript.fetch.TypeScriptFetchModelTest" tests="8" failures="0" timestamp="23 Dec 2016 08:10:53 GMT" time="0.157" errors="0">
  <testcase name="enumArrayMdoelTest" time="0.090" classname="io.swagger.codegen.typescript.fetch.TypeScriptFetchModelTest"/>
  <testcase name="mapModelTest" time="0.001" classname="io.swagger.codegen.typescript.fetch.TypeScriptFetchModelTest"/>
  <testcase name="complexListPropertyTest" time="0.001" classname="io.swagger.codegen.typescript.fetch.TypeScriptFetchModelTest"/>
  <testcase name="arrayModelTest" time="0.006" classname="io.swagger.codegen.typescript.fetch.TypeScriptFetchModelTest"/>
  <testcase name="simpleModelTest" time="0.001" classname="io.swagger.codegen.typescript.fetch.TypeScriptFetchModelTest"/>
  <testcase name="complexPropertyTest" time="0.000" classname="io.swagger.codegen.typescript.fetch.TypeScriptFetchModelTest"/>
  <testcase name="listPropertyTest" time="0.001" classname="io.swagger.codegen.typescript.fetch.TypeScriptFetchModelTest"/>
  <testcase name="enumMdoelValueTest" time="0.057" classname="io.swagger.codegen.typescript.fetch.TypeScriptFetchModelTest"/>
</testsuite> <!-- io.swagger.codegen.typescript.fetch.TypeScriptFetchModelTest -->
