<?xml version="1.0" encoding="UTF-8"?>
<!-- Generated by org.testng.reporters.JUnitReportReporter -->
<testsuite hostname="Kasun" name="io.swagger.codegen.typescript.typescriptangular.TypeScriptAngularClientOptionsTest" tests="2" failures="0" timestamp="23 Dec 2016 08:10:53 GMT" time="0.232" errors="0">
  <testcase name="checkOptionsHelp" time="0.007" classname="io.swagger.codegen.typescript.typescriptangular.TypeScriptAngularClientOptionsTest"/>
  <testcase name="checkOptionsProcessing" time="0.225" classname="io.swagger.codegen.typescript.typescriptangular.TypeScriptAngularClientOptionsTest"/>
</testsuite> <!-- io.swagger.codegen.typescript.typescriptangular.TypeScriptAngularClientOptionsTest -->
