<?xml version="1.0" encoding="UTF-8"?>
<!-- Generated by org.testng.reporters.JUnitReportReporter -->
<testsuite hostname="Kasun" name="io.swagger.codegen.python.PythonClientOptionsTest" tests="2" failures="0" timestamp="28 Dec 2016 11:50:25 GMT" time="0.216" errors="0">
  <testcase name="checkOptionsProcessing" time="0.205" classname="io.swagger.codegen.python.PythonClientOptionsTest"/>
  <testcase name="checkOptionsHelp" time="0.011" classname="io.swagger.codegen.python.PythonClientOptionsTest"/>
</testsuite> <!-- io.swagger.codegen.python.PythonClientOptionsTest -->
