<?xml version="1.0" encoding="UTF-8"?>
<!-- Generated by org.testng.reporters.JUnitReportReporter -->
<testsuite hostname="Kasun" name="io.swagger.codegen.swift.SwiftOptionsTest" tests="2" failures="0" timestamp="28 Dec 2016 11:50:25 GMT" time="0.224" errors="0">
  <testcase name="checkOptionsProcessing" time="0.217" classname="io.swagger.codegen.swift.SwiftOptionsTest"/>
  <testcase name="checkOptionsHelp" time="0.007" classname="io.swagger.codegen.swift.SwiftOptionsTest"/>
</testsuite> <!-- io.swagger.codegen.swift.SwiftOptionsTest -->
