<?xml version="1.0" encoding="UTF-8"?>
<!-- Generated by org.testng.reporters.JUnitReportReporter -->
<testsuite hostname="Kasun" name="io.swagger.codegen.go.GoClientOptionsTest" tests="2" failures="0" timestamp="23 Dec 2016 08:10:53 GMT" time="0.202" errors="0">
  <testcase name="checkOptionsProcessing" time="0.169" classname="io.swagger.codegen.go.GoClientOptionsTest"/>
  <testcase name="checkOptionsHelp" time="0.033" classname="io.swagger.codegen.go.GoClientOptionsTest"/>
</testsuite> <!-- io.swagger.codegen.go.GoClientOptionsTest -->
