<?xml version="1.0" encoding="UTF-8"?>
<!-- Generated by org.testng.reporters.JUnitReportReporter -->
<testsuite hostname="Kasun" name="io.swagger.codegen.inflector.JavaInflectorServerOptionsTest" tests="2" failures="0" timestamp="28 Dec 2016 11:50:25 GMT" time="0.279" errors="0">
  <testcase name="checkOptionsHelp" time="0.026" classname="io.swagger.codegen.inflector.JavaInflectorServerOptionsTest"/>
  <testcase name="checkOptionsProcessing" time="0.253" classname="io.swagger.codegen.inflector.JavaInflectorServerOptionsTest"/>
</testsuite> <!-- io.swagger.codegen.inflector.JavaInflectorServerOptionsTest -->
