<?xml version="1.0" encoding="UTF-8"?>
<!-- Generated by org.testng.reporters.JUnitReportReporter -->
<testsuite hostname="Kasun" name="io.swagger.codegen.akkascala.AkkaScalaClientOptionsTest" tests="2" failures="0" timestamp="28 Dec 2016 11:50:25 GMT" time="0.630" errors="0">
  <testcase name="checkOptionsHelp" time="0.190" classname="io.swagger.codegen.akkascala.AkkaScalaClientOptionsTest"/>
  <testcase name="checkOptionsProcessing" time="0.440" classname="io.swagger.codegen.akkascala.AkkaScalaClientOptionsTest"/>
</testsuite> <!-- io.swagger.codegen.akkascala.AkkaScalaClientOptionsTest -->
