<?xml version="1.0" encoding="UTF-8"?>
<!-- Generated by org.testng.reporters.JUnitReportReporter -->
<testsuite hostname="Kasun" name="io.swagger.codegen.staticDocs.StaticDocOptionsTest" tests="2" failures="0" timestamp="28 Dec 2016 11:50:25 GMT" time="0.208" errors="0">
  <testcase name="checkOptionsHelp" time="0.009" classname="io.swagger.codegen.staticDocs.StaticDocOptionsTest"/>
  <testcase name="checkOptionsProcessing" time="0.199" classname="io.swagger.codegen.staticDocs.StaticDocOptionsTest"/>
</testsuite> <!-- io.swagger.codegen.staticDocs.StaticDocOptionsTest -->
