<?xml version="1.0" encoding="UTF-8"?>
<!-- Generated by org.testng.reporters.JUnitReportReporter -->
<testsuite hostname="Kasun" name="io.swagger.codegen.android.AndroidClientOptionsTest" tests="2" failures="0" timestamp="28 Dec 2016 11:50:24 GMT" time="0.147" errors="0">
  <testcase name="checkOptionsHelp" time="0.008" classname="io.swagger.codegen.android.AndroidClientOptionsTest"/>
  <testcase name="checkOptionsProcessing" time="0.139" classname="io.swagger.codegen.android.AndroidClientOptionsTest"/>
</testsuite> <!-- io.swagger.codegen.android.AndroidClientOptionsTest -->
