<?xml version="1.0" encoding="UTF-8"?>
<!-- Generated by org.testng.reporters.JUnitReportReporter -->
<testsuite hostname="Kasun" name="io.swagger.codegen.perl.PerlClientOptionsTest" tests="2" failures="0" timestamp="23 Dec 2016 08:10:53 GMT" time="0.227" errors="0">
  <testcase name="checkOptionsProcessing" time="0.216" classname="io.swagger.codegen.perl.PerlClientOptionsTest"/>
  <testcase name="checkOptionsHelp" time="0.011" classname="io.swagger.codegen.perl.PerlClientOptionsTest"/>
</testsuite> <!-- io.swagger.codegen.perl.PerlClientOptionsTest -->
