<?xml version="1.0" encoding="UTF-8"?>
<!-- Generated by org.testng.reporters.JUnitReportReporter -->
<testsuite hostname="Kasun" name="io.swagger.codegen.go.GoClientOptionsTest" tests="2" failures="0" timestamp="28 Dec 2016 11:50:25 GMT" time="0.871" errors="0">
  <testcase name="checkOptionsProcessing" time="0.805" classname="io.swagger.codegen.go.GoClientOptionsTest"/>
  <testcase name="checkOptionsHelp" time="0.066" classname="io.swagger.codegen.go.GoClientOptionsTest"/>
</testsuite> <!-- io.swagger.codegen.go.GoClientOptionsTest -->
