<?xml version="1.0" encoding="UTF-8"?>
<!-- Generated by org.testng.reporters.JUnitReportReporter -->
<testsuite hostname="Kasun" name="io.swagger.codegen.dart.DartClientOptionsTest" tests="2" failures="0" timestamp="23 Dec 2016 08:10:53 GMT" time="0.167" errors="0">
  <testcase name="checkOptionsProcessing" time="0.156" classname="io.swagger.codegen.dart.DartClientOptionsTest"/>
  <testcase name="checkOptionsHelp" time="0.011" classname="io.swagger.codegen.dart.DartClientOptionsTest"/>
</testsuite> <!-- io.swagger.codegen.dart.DartClientOptionsTest -->
