<?xml version="1.0" encoding="UTF-8"?>
<!-- Generated by org.testng.reporters.JUnitReportReporter -->
<testsuite hostname="Kasun" name="io.swagger.codegen.swift.SwiftCodegenTest" tests="10" failures="0" timestamp="23 Dec 2016 08:10:53 GMT" time="0.161" errors="0">
  <testcase name="testLowercaseWithUnderscore" time="0.000" classname="io.swagger.codegen.swift.SwiftCodegenTest"/>
  <testcase name="shouldNotBreakCorrectName" time="0.001" classname="io.swagger.codegen.swift.SwiftCodegenTest"/>
  <testcase name="testSingleWordLowercase" time="0.000" classname="io.swagger.codegen.swift.SwiftCodegenTest"/>
  <testcase name="testCapitalsWithUnderscore" time="0.000" classname="io.swagger.codegen.swift.SwiftCodegenTest"/>
  <testcase name="testCapitalsWithSpace" time="0.000" classname="io.swagger.codegen.swift.SwiftCodegenTest"/>
  <testcase name="testSingleWordAllCaps" time="0.000" classname="io.swagger.codegen.swift.SwiftCodegenTest"/>
  <testcase name="testDefaultPodAuthors" time="0.001" classname="io.swagger.codegen.swift.SwiftCodegenTest"/>
  <testcase name="testCapitalsWithDash" time="0.003" classname="io.swagger.codegen.swift.SwiftCodegenTest"/>
  <testcase name="binaryDataTest" time="0.155" classname="io.swagger.codegen.swift.SwiftCodegenTest"/>
  <testcase name="testPodAuthors" time="0.001" classname="io.swagger.codegen.swift.SwiftCodegenTest"/>
</testsuite> <!-- io.swagger.codegen.swift.SwiftCodegenTest -->
