<?xml version="1.0" encoding="UTF-8"?>
<!-- Generated by org.testng.reporters.JUnitReportReporter -->
<testsuite hostname="Kasun" name="io.swagger.codegen.ignore.rules.FileRuleTest" tests="2" failures="0" timestamp="23 Dec 2016 08:10:53 GMT" time="0.001" errors="0">
  <testcase name="testNonMatchComplex" time="0.000" classname="io.swagger.codegen.ignore.rules.FileRuleTest"/>
  <testcase name="testMatchComplex" time="0.001" classname="io.swagger.codegen.ignore.rules.FileRuleTest"/>
</testsuite> <!-- io.swagger.codegen.ignore.rules.FileRuleTest -->
