<?xml version="1.0" encoding="UTF-8"?>
<!-- Generated by org.testng.reporters.JUnitReportReporter -->
<testsuite hostname="Kasun" name="io.swagger.codegen.javascript.JavaScriptClientOptionsTest" tests="2" failures="0" timestamp="23 Dec 2016 08:10:53 GMT" time="0.251" errors="0">
  <testcase name="checkOptionsProcessing" time="0.213" classname="io.swagger.codegen.javascript.JavaScriptClientOptionsTest"/>
  <testcase name="checkOptionsHelp" time="0.038" classname="io.swagger.codegen.javascript.JavaScriptClientOptionsTest"/>
</testsuite> <!-- io.swagger.codegen.javascript.JavaScriptClientOptionsTest -->
