<?xml version="1.0" encoding="UTF-8"?>
<!-- Generated by org.testng.reporters.JUnitReportReporter -->
<testsuite hostname="Kasun" name="io.swagger.codegen.languages.BooleanOptionsTest" tests="54" failures="0" timestamp="23 Dec 2016 08:10:53 GMT" time="0.011" errors="0">
  <testcase name="booleanOptionsTest" time="0.000" classname="io.swagger.codegen.languages.BooleanOptionsTest"/>
  <testcase name="booleanOptionsTest" time="0.000" classname="io.swagger.codegen.languages.BooleanOptionsTest"/>
  <testcase name="booleanOptionsTest" time="0.000" classname="io.swagger.codegen.languages.BooleanOptionsTest"/>
  <testcase name="booleanOptionsTest" time="0.001" classname="io.swagger.codegen.languages.BooleanOptionsTest"/>
  <testcase name="booleanOptionsTest" time="0.000" classname="io.swagger.codegen.languages.BooleanOptionsTest"/>
  <testcase name="booleanOptionsTest" time="0.000" classname="io.swagger.codegen.languages.BooleanOptionsTest"/>
  <testcase name="booleanOptionsTest" time="0.000" classname="io.swagger.codegen.languages.BooleanOptionsTest"/>
  <testcase name="booleanOptionsTest" time="0.000" classname="io.swagger.codegen.languages.BooleanOptionsTest"/>
  <testcase name="booleanOptionsTest" time="0.000" classname="io.swagger.codegen.languages.BooleanOptionsTest"/>
  <testcase name="booleanOptionsTest" time="0.000" classname="io.swagger.codegen.languages.BooleanOptionsTest"/>
  <testcase name="booleanOptionsTest" time="0.000" classname="io.swagger.codegen.languages.BooleanOptionsTest"/>
  <testcase name="booleanOptionsTest" time="0.000" classname="io.swagger.codegen.languages.BooleanOptionsTest"/>
  <testcase name="booleanOptionsTest" time="0.001" classname="io.swagger.codegen.languages.BooleanOptionsTest"/>
  <testcase name="booleanOptionsTest" time="0.001" classname="io.swagger.codegen.languages.BooleanOptionsTest"/>
  <testcase name="booleanOptionsTest" time="0.000" classname="io.swagger.codegen.languages.BooleanOptionsTest"/>
  <testcase name="booleanOptionsTest" time="0.000" classname="io.swagger.codegen.languages.BooleanOptionsTest"/>
  <testcase name="booleanOptionsTest" time="0.000" classname="io.swagger.codegen.languages.BooleanOptionsTest"/>
  <testcase name="booleanOptionsTest" time="0.002" classname="io.swagger.codegen.languages.BooleanOptionsTest"/>
  <testcase name="booleanOptionsTest" time="0.000" classname="io.swagger.codegen.languages.BooleanOptionsTest"/>
  <testcase name="booleanOptionsTest" time="0.000" classname="io.swagger.codegen.languages.BooleanOptionsTest"/>
  <testcase name="booleanOptionsTest" time="0.000" classname="io.swagger.codegen.languages.BooleanOptionsTest"/>
  <testcase name="booleanOptionsTest" time="0.000" classname="io.swagger.codegen.languages.BooleanOptionsTest"/>
  <testcase name="booleanOptionsTest" time="0.000" classname="io.swagger.codegen.languages.BooleanOptionsTest"/>
  <testcase name="booleanOptionsTest" time="0.001" classname="io.swagger.codegen.languages.BooleanOptionsTest"/>
  <testcase name="booleanOptionsTest" time="0.000" classname="io.swagger.codegen.languages.BooleanOptionsTest"/>
  <testcase name="booleanOptionsTest" time="0.000" classname="io.swagger.codegen.languages.BooleanOptionsTest"/>
  <testcase name="booleanOptionsTest" time="0.000" classname="io.swagger.codegen.languages.BooleanOptionsTest"/>
  <testcase name="booleanOptionsTest" time="0.001" classname="io.swagger.codegen.languages.BooleanOptionsTest"/>
  <testcase name="booleanOptionsTest" time="0.000" classname="io.swagger.codegen.languages.BooleanOptionsTest"/>
  <testcase name="booleanOptionsTest" time="0.000" classname="io.swagger.codegen.languages.BooleanOptionsTest"/>
  <testcase name="booleanOptionsTest" time="0.000" classname="io.swagger.codegen.languages.BooleanOptionsTest"/>
  <testcase name="booleanOptionsTest" time="0.000" classname="io.swagger.codegen.languages.BooleanOptionsTest"/>
  <testcase name="booleanOptionsTest" time="0.000" classname="io.swagger.codegen.languages.BooleanOptionsTest"/>
  <testcase name="booleanOptionsTest" time="0.000" classname="io.swagger.codegen.languages.BooleanOptionsTest"/>
  <testcase name="booleanOptionsTest" time="0.000" classname="io.swagger.codegen.languages.BooleanOptionsTest"/>
  <testcase name="booleanOptionsTest" time="0.000" classname="io.swagger.codegen.languages.BooleanOptionsTest"/>
  <testcase name="booleanOptionsTest" time="0.000" classname="io.swagger.codegen.languages.BooleanOptionsTest"/>
  <testcase name="booleanOptionsTest" time="0.001" classname="io.swagger.codegen.languages.BooleanOptionsTest"/>
  <testcase name="booleanOptionsTest" time="0.000" classname="io.swagger.codegen.languages.BooleanOptionsTest"/>
  <testcase name="booleanOptionsTest" time="0.000" classname="io.swagger.codegen.languages.BooleanOptionsTest"/>
  <testcase name="booleanOptionsTest" time="0.000" classname="io.swagger.codegen.languages.BooleanOptionsTest"/>
  <testcase name="booleanOptionsTest" time="0.000" classname="io.swagger.codegen.languages.BooleanOptionsTest"/>
  <testcase name="booleanOptionsTest" time="0.001" classname="io.swagger.codegen.languages.BooleanOptionsTest"/>
  <testcase name="booleanOptionsTest" time="0.000" classname="io.swagger.codegen.languages.BooleanOptionsTest"/>
  <testcase name="booleanOptionsTest" time="0.000" classname="io.swagger.codegen.languages.BooleanOptionsTest"/>
  <testcase name="booleanOptionsTest" time="0.000" classname="io.swagger.codegen.languages.BooleanOptionsTest"/>
  <testcase name="booleanOptionsTest" time="0.000" classname="io.swagger.codegen.languages.BooleanOptionsTest"/>
  <testcase name="booleanOptionsTest" time="0.000" classname="io.swagger.codegen.languages.BooleanOptionsTest"/>
  <testcase name="booleanOptionsTest" time="0.000" classname="io.swagger.codegen.languages.BooleanOptionsTest"/>
  <testcase name="booleanOptionsTest" time="0.001" classname="io.swagger.codegen.languages.BooleanOptionsTest"/>
  <testcase name="booleanOptionsTest" time="0.000" classname="io.swagger.codegen.languages.BooleanOptionsTest"/>
  <testcase name="booleanOptionsTest" time="0.000" classname="io.swagger.codegen.languages.BooleanOptionsTest"/>
  <testcase name="booleanOptionsTest" time="0.001" classname="io.swagger.codegen.languages.BooleanOptionsTest"/>
  <testcase name="booleanOptionsTest" time="0.000" classname="io.swagger.codegen.languages.BooleanOptionsTest"/>
</testsuite> <!-- io.swagger.codegen.languages.BooleanOptionsTest -->
