<?xml version="1.0" encoding="UTF-8"?>
<!-- Generated by org.testng.reporters.JUnitReportReporter -->
<testsuite hostname="Kasun" name="io.swagger.codegen.python.PythonClientOptionsTest" tests="2" failures="0" timestamp="23 Dec 2016 08:10:53 GMT" time="0.217" errors="0">
  <testcase name="checkOptionsProcessing" time="0.207" classname="io.swagger.codegen.python.PythonClientOptionsTest"/>
  <testcase name="checkOptionsHelp" time="0.010" classname="io.swagger.codegen.python.PythonClientOptionsTest"/>
</testsuite> <!-- io.swagger.codegen.python.PythonClientOptionsTest -->
