<?xml version="1.0" encoding="UTF-8"?>
<!-- Generated by org.testng.reporters.JUnitReportReporter -->
<testsuite hostname="Kasun" name="io.swagger.codegen.spring.SpringOptionsTest" tests="2" failures="0" timestamp="23 Dec 2016 08:10:53 GMT" time="0.333" errors="0">
  <testcase name="checkOptionsProcessing" time="0.316" classname="io.swagger.codegen.spring.SpringOptionsTest"/>
  <testcase name="checkOptionsHelp" time="0.017" classname="io.swagger.codegen.spring.SpringOptionsTest"/>
</testsuite> <!-- io.swagger.codegen.spring.SpringOptionsTest -->
