<?xml version="1.0" encoding="UTF-8"?>
<!-- Generated by org.testng.reporters.JUnitReportReporter -->
<testsuite hostname="Kasun" name="io.swagger.codegen.swaggeryaml.SwaggerYamlOptionsTest" tests="2" failures="0" timestamp="28 Dec 2016 11:50:25 GMT" time="0.199" errors="0">
  <testcase name="checkOptionsProcessing" time="0.189" classname="io.swagger.codegen.swaggeryaml.SwaggerYamlOptionsTest"/>
  <testcase name="checkOptionsHelp" time="0.010" classname="io.swagger.codegen.swaggeryaml.SwaggerYamlOptionsTest"/>
</testsuite> <!-- io.swagger.codegen.swaggeryaml.SwaggerYamlOptionsTest -->
