<?xml version="1.0" encoding="UTF-8"?>
<!-- Generated by org.testng.reporters.JUnitReportReporter -->
<testsuite hostname="Kasun" name="io.swagger.codegen.lumen.LumenServerOptionsTest" tests="2" failures="0" timestamp="23 Dec 2016 08:10:53 GMT" time="0.410" errors="0">
  <testcase name="checkOptionsProcessing" time="0.401" classname="io.swagger.codegen.lumen.LumenServerOptionsTest"/>
  <testcase name="checkOptionsHelp" time="0.009" classname="io.swagger.codegen.lumen.LumenServerOptionsTest"/>
</testsuite> <!-- io.swagger.codegen.lumen.LumenServerOptionsTest -->
