<?xml version="1.0" encoding="UTF-8"?>
<!-- Generated by org.testng.reporters.JUnitReportReporter -->
<testsuite hostname="Kasun" name="io.swagger.codegen.dart.DartClientOptionsTest" tests="2" failures="0" timestamp="28 Dec 2016 11:50:25 GMT" time="0.172" errors="0">
  <testcase name="checkOptionsProcessing" time="0.162" classname="io.swagger.codegen.dart.DartClientOptionsTest"/>
  <testcase name="checkOptionsHelp" time="0.010" classname="io.swagger.codegen.dart.DartClientOptionsTest"/>
</testsuite> <!-- io.swagger.codegen.dart.DartClientOptionsTest -->
