<?xml version="1.0" encoding="UTF-8"?>
<!-- Generated by org.testng.reporters.JUnitReportReporter -->
<testsuite hostname="Kasun" name="io.swagger.codegen.objc.ObjcClientOptionsTest" tests="2" failures="0" timestamp="23 Dec 2016 08:10:53 GMT" time="0.228" errors="0">
  <testcase name="checkOptionsProcessing" time="0.217" classname="io.swagger.codegen.objc.ObjcClientOptionsTest"/>
  <testcase name="checkOptionsHelp" time="0.011" classname="io.swagger.codegen.objc.ObjcClientOptionsTest"/>
</testsuite> <!-- io.swagger.codegen.objc.ObjcClientOptionsTest -->
