<?xml version="1.0" encoding="UTF-8"?>
<!-- Generated by org.testng.reporters.JUnitReportReporter -->
<testsuite hostname="Kasun" name="io.swagger.codegen.CodegenTest" tests="12" failures="0" timestamp="28 Dec 2016 11:50:25 GMT" time="0.787" errors="0">
  <testcase name="fileUploadParamTest" time="0.049" classname="io.swagger.codegen.CodegenTest"/>
  <testcase name="localResetConsumesAndProducesTest" time="0.006" classname="io.swagger.codegen.CodegenTest"/>
  <testcase name="formParamTest" time="0.056" classname="io.swagger.codegen.CodegenTest"/>
  <testcase name="enumQueryParameterTest" time="0.045" classname="io.swagger.codegen.CodegenTest"/>
  <testcase name="responseSelectionTest2" time="0.008" classname="io.swagger.codegen.CodegenTest"/>
  <testcase name="responseSelectionTest1" time="0.013" classname="io.swagger.codegen.CodegenTest"/>
  <testcase name="enumArrayQueryParameterTest" time="0.147" classname="io.swagger.codegen.CodegenTest"/>
  <testcase name="requiredParametersTest" time="0.008" classname="io.swagger.codegen.CodegenTest"/>
  <testcase name="binaryDataTest" time="0.371" classname="io.swagger.codegen.CodegenTest"/>
  <testcase name="localConsumesAndProducesTest" time="0.005" classname="io.swagger.codegen.CodegenTest"/>
  <testcase name="discriminatorTest" time="0.043" classname="io.swagger.codegen.CodegenTest"/>
  <testcase name="globalConsumesAndProducesTest" time="0.036" classname="io.swagger.codegen.CodegenTest"/>
</testsuite> <!-- io.swagger.codegen.CodegenTest -->
