<?xml version="1.0" encoding="UTF-8"?>
<!-- Generated by org.testng.reporters.JUnitReportReporter -->
<testsuite hostname="Kasun" name="io.swagger.codegen.scala.ScalaModelTest" tests="8" failures="0" timestamp="28 Dec 2016 11:50:25 GMT" time="0.019" errors="0">
  <testcase name="simpleModelTest" time="0.001" classname="io.swagger.codegen.scala.ScalaModelTest"/>
  <testcase name="mapModelTest" time="0.001" classname="io.swagger.codegen.scala.ScalaModelTest"/>
  <testcase name="complexPropertyTest" time="0.001" classname="io.swagger.codegen.scala.ScalaModelTest"/>
  <testcase name="arrayModelTest" time="0.010" classname="io.swagger.codegen.scala.ScalaModelTest"/>
  <testcase name="complexListPropertyTest" time="0.002" classname="io.swagger.codegen.scala.ScalaModelTest"/>
  <testcase name="mapPropertyTest" time="0.001" classname="io.swagger.codegen.scala.ScalaModelTest"/>
  <testcase name="listPropertyTest" time="0.002" classname="io.swagger.codegen.scala.ScalaModelTest"/>
  <testcase name="complexMapPropertyTest" time="0.001" classname="io.swagger.codegen.scala.ScalaModelTest"/>
</testsuite> <!-- io.swagger.codegen.scala.ScalaModelTest -->
