<?xml version="1.0" encoding="UTF-8"?>
<!-- Generated by org.testng.reporters.JUnitReportReporter -->
<testsuite hostname="Kasun" name="io.swagger.codegen.java.JavaModelEnumTest" tests="2" failures="0" timestamp="23 Dec 2016 08:10:53 GMT" time="0.022" errors="0">
  <testcase name="overrideEnumTest" time="0.014" classname="io.swagger.codegen.java.JavaModelEnumTest"/>
  <testcase name="converterTest" time="0.008" classname="io.swagger.codegen.java.JavaModelEnumTest"/>
</testsuite> <!-- io.swagger.codegen.java.JavaModelEnumTest -->
