<?xml version="1.0" encoding="UTF-8"?>
<!-- Generated by org.testng.reporters.JUnitReportReporter -->
<testsuite hostname="Kasun" name="io.swagger.codegen.flash.FlashClienOptionsTest" tests="2" failures="0" timestamp="28 Dec 2016 11:50:25 GMT" time="0.293" errors="0">
  <testcase name="checkOptionsProcessing" time="0.277" classname="io.swagger.codegen.flash.FlashClienOptionsTest"/>
  <testcase name="checkOptionsHelp" time="0.016" classname="io.swagger.codegen.flash.FlashClienOptionsTest"/>
</testsuite> <!-- io.swagger.codegen.flash.FlashClienOptionsTest -->
