<?xml version="1.0" encoding="UTF-8"?>
<!-- Generated by org.testng.reporters.JUnitReportReporter -->
<testsuite hostname="Kasun" name="io.swagger.codegen.java.JavaInheritanceTest" tests="2" failures="0" timestamp="28 Dec 2016 11:50:25 GMT" time="0.006" errors="0">
  <testcase name="javaInheritanceTest" time="0.006" classname="io.swagger.codegen.java.JavaInheritanceTest"/>
  <testcase name="javaInheritanceWithDiscriminatorTest" time="0.000" classname="io.swagger.codegen.java.JavaInheritanceTest"/>
</testsuite> <!-- io.swagger.codegen.java.JavaInheritanceTest -->
