<?xml version="1.0" encoding="UTF-8"?>
<!-- Generated by org.testng.reporters.JUnitReportReporter -->
<testsuite hostname="Kasun" name="io.swagger.codegen.lumen.LumenServerOptionsTest" tests="2" failures="0" timestamp="28 Dec 2016 11:50:25 GMT" time="0.126" errors="0">
  <testcase name="checkOptionsProcessing" time="0.122" classname="io.swagger.codegen.lumen.LumenServerOptionsTest"/>
  <testcase name="checkOptionsHelp" time="0.004" classname="io.swagger.codegen.lumen.LumenServerOptionsTest"/>
</testsuite> <!-- io.swagger.codegen.lumen.LumenServerOptionsTest -->
